{"/home/ubuntu/Shopeer/backend/chat/room.js": {"path":"/home/ubuntu/Shopeer/backend/chat/room.js","all":false,"statementMap":{"0":{"start":{"line":1,"column":0},"end":{"line":1,"column":35}},"1":{"start":{"line":2,"column":0},"end":{"line":2,"column":32}},"2":{"start":{"line":3,"column":0},"end":{"line":3,"column":45}},"3":{"start":{"line":4,"column":0},"end":{"line":4,"column":82}},"4":{"start":{"line":5,"column":0},"end":{"line":5,"column":0}},"5":{"start":{"line":6,"column":0},"end":{"line":6,"column":0}},"6":{"start":{"line":7,"column":0},"end":{"line":7,"column":52}},"7":{"start":{"line":8,"column":0},"end":{"line":8,"column":0}},"8":{"start":{"line":9,"column":0},"end":{"line":9,"column":3}},"9":{"start":{"line":10,"column":0},"end":{"line":10,"column":68}},"10":{"start":{"line":11,"column":0},"end":{"line":11,"column":60}},"11":{"start":{"line":12,"column":0},"end":{"line":12,"column":32}},"12":{"start":{"line":13,"column":0},"end":{"line":13,"column":0}},"13":{"start":{"line":14,"column":0},"end":{"line":14,"column":34}},"14":{"start":{"line":15,"column":0},"end":{"line":15,"column":0}},"15":{"start":{"line":16,"column":0},"end":{"line":16,"column":3}},"16":{"start":{"line":17,"column":0},"end":{"line":17,"column":123}},"17":{"start":{"line":18,"column":0},"end":{"line":18,"column":40}},"18":{"start":{"line":19,"column":0},"end":{"line":19,"column":18}},"19":{"start":{"line":20,"column":0},"end":{"line":20,"column":77}},"20":{"start":{"line":21,"column":0},"end":{"line":21,"column":20}},"21":{"start":{"line":22,"column":0},"end":{"line":22,"column":57}},"22":{"start":{"line":23,"column":0},"end":{"line":23,"column":10}},"23":{"start":{"line":24,"column":0},"end":{"line":24,"column":3}},"24":{"start":{"line":25,"column":0},"end":{"line":25,"column":88}},"25":{"start":{"line":26,"column":0},"end":{"line":26,"column":73}},"26":{"start":{"line":27,"column":0},"end":{"line":27,"column":31}},"27":{"start":{"line":28,"column":0},"end":{"line":28,"column":2}},"28":{"start":{"line":29,"column":0},"end":{"line":29,"column":3}},"29":{"start":{"line":30,"column":0},"end":{"line":30,"column":0}},"30":{"start":{"line":31,"column":0},"end":{"line":31,"column":3}},"31":{"start":{"line":32,"column":0},"end":{"line":32,"column":0}},"32":{"start":{"line":33,"column":0},"end":{"line":33,"column":83}},"33":{"start":{"line":34,"column":0},"end":{"line":34,"column":48}},"34":{"start":{"line":35,"column":0},"end":{"line":35,"column":17}},"35":{"start":{"line":36,"column":0},"end":{"line":36,"column":30}},"36":{"start":{"line":37,"column":0},"end":{"line":37,"column":45}},"37":{"start":{"line":38,"column":0},"end":{"line":38,"column":3}},"38":{"start":{"line":39,"column":0},"end":{"line":39,"column":113}},"39":{"start":{"line":40,"column":0},"end":{"line":40,"column":0}},"40":{"start":{"line":41,"column":0},"end":{"line":41,"column":44}},"41":{"start":{"line":42,"column":0},"end":{"line":42,"column":0}},"42":{"start":{"line":43,"column":0},"end":{"line":43,"column":46}},"43":{"start":{"line":44,"column":0},"end":{"line":44,"column":42}},"44":{"start":{"line":45,"column":0},"end":{"line":45,"column":0}},"45":{"start":{"line":46,"column":0},"end":{"line":46,"column":45}},"46":{"start":{"line":47,"column":0},"end":{"line":47,"column":58}},"47":{"start":{"line":48,"column":0},"end":{"line":48,"column":10}},"48":{"start":{"line":49,"column":0},"end":{"line":49,"column":3}},"49":{"start":{"line":50,"column":0},"end":{"line":50,"column":80}},"50":{"start":{"line":51,"column":0},"end":{"line":51,"column":13}},"51":{"start":{"line":52,"column":0},"end":{"line":52,"column":57}},"52":{"start":{"line":53,"column":0},"end":{"line":53,"column":10}},"53":{"start":{"line":54,"column":0},"end":{"line":54,"column":3}},"54":{"start":{"line":55,"column":0},"end":{"line":55,"column":29}},"55":{"start":{"line":56,"column":0},"end":{"line":56,"column":32}},"56":{"start":{"line":57,"column":0},"end":{"line":57,"column":46}},"57":{"start":{"line":58,"column":0},"end":{"line":58,"column":50}},"58":{"start":{"line":59,"column":0},"end":{"line":59,"column":9}},"59":{"start":{"line":60,"column":0},"end":{"line":60,"column":7}},"60":{"start":{"line":61,"column":0},"end":{"line":61,"column":0}},"61":{"start":{"line":62,"column":0},"end":{"line":62,"column":40}},"62":{"start":{"line":63,"column":0},"end":{"line":63,"column":4}},"63":{"start":{"line":64,"column":0},"end":{"line":64,"column":3}},"64":{"start":{"line":65,"column":0},"end":{"line":65,"column":78}},"65":{"start":{"line":66,"column":0},"end":{"line":66,"column":34}},"66":{"start":{"line":67,"column":0},"end":{"line":67,"column":17}},"67":{"start":{"line":68,"column":0},"end":{"line":68,"column":57}},"68":{"start":{"line":69,"column":0},"end":{"line":69,"column":24}},"69":{"start":{"line":70,"column":0},"end":{"line":70,"column":3}},"70":{"start":{"line":71,"column":0},"end":{"line":71,"column":98}},"71":{"start":{"line":72,"column":0},"end":{"line":72,"column":145}},"72":{"start":{"line":73,"column":0},"end":{"line":73,"column":40}},"73":{"start":{"line":74,"column":0},"end":{"line":74,"column":19}},"74":{"start":{"line":75,"column":0},"end":{"line":75,"column":10}},"75":{"start":{"line":76,"column":0},"end":{"line":76,"column":34}},"76":{"start":{"line":77,"column":0},"end":{"line":77,"column":91}},"77":{"start":{"line":78,"column":0},"end":{"line":78,"column":9}},"78":{"start":{"line":79,"column":0},"end":{"line":79,"column":36}},"79":{"start":{"line":80,"column":0},"end":{"line":80,"column":63}},"80":{"start":{"line":81,"column":0},"end":{"line":81,"column":44}},"81":{"start":{"line":82,"column":0},"end":{"line":82,"column":12}},"82":{"start":{"line":83,"column":0},"end":{"line":83,"column":23}},"83":{"start":{"line":84,"column":0},"end":{"line":84,"column":80}},"84":{"start":{"line":85,"column":0},"end":{"line":85,"column":15}},"85":{"start":{"line":86,"column":0},"end":{"line":86,"column":74}},"86":{"start":{"line":87,"column":0},"end":{"line":87,"column":8}},"87":{"start":{"line":88,"column":0},"end":{"line":88,"column":20}},"88":{"start":{"line":89,"column":0},"end":{"line":89,"column":24}},"89":{"start":{"line":90,"column":0},"end":{"line":90,"column":33}},"90":{"start":{"line":91,"column":0},"end":{"line":91,"column":6}},"91":{"start":{"line":92,"column":0},"end":{"line":92,"column":6}},"92":{"start":{"line":93,"column":0},"end":{"line":93,"column":0}},"93":{"start":{"line":94,"column":0},"end":{"line":94,"column":3}},"94":{"start":{"line":95,"column":0},"end":{"line":95,"column":97}},"95":{"start":{"line":96,"column":0},"end":{"line":96,"column":26}},"96":{"start":{"line":97,"column":0},"end":{"line":97,"column":19}},"97":{"start":{"line":98,"column":0},"end":{"line":98,"column":24}},"98":{"start":{"line":99,"column":0},"end":{"line":99,"column":3}},"99":{"start":{"line":100,"column":0},"end":{"line":100,"column":160}},"100":{"start":{"line":101,"column":0},"end":{"line":101,"column":54}},"101":{"start":{"line":102,"column":0},"end":{"line":102,"column":19}},"102":{"start":{"line":103,"column":0},"end":{"line":103,"column":10}},"103":{"start":{"line":104,"column":0},"end":{"line":104,"column":34}},"104":{"start":{"line":105,"column":0},"end":{"line":105,"column":87}},"105":{"start":{"line":106,"column":0},"end":{"line":106,"column":9}},"106":{"start":{"line":107,"column":0},"end":{"line":107,"column":36}},"107":{"start":{"line":108,"column":0},"end":{"line":108,"column":59}},"108":{"start":{"line":109,"column":0},"end":{"line":109,"column":44}},"109":{"start":{"line":110,"column":0},"end":{"line":110,"column":12}},"110":{"start":{"line":111,"column":0},"end":{"line":111,"column":23}},"111":{"start":{"line":112,"column":0},"end":{"line":112,"column":76}},"112":{"start":{"line":113,"column":0},"end":{"line":113,"column":15}},"113":{"start":{"line":114,"column":0},"end":{"line":114,"column":78}},"114":{"start":{"line":115,"column":0},"end":{"line":115,"column":8}},"115":{"start":{"line":116,"column":0},"end":{"line":116,"column":20}},"116":{"start":{"line":117,"column":0},"end":{"line":117,"column":24}},"117":{"start":{"line":118,"column":0},"end":{"line":118,"column":33}},"118":{"start":{"line":119,"column":0},"end":{"line":119,"column":6}},"119":{"start":{"line":120,"column":0},"end":{"line":120,"column":6}},"120":{"start":{"line":121,"column":0},"end":{"line":121,"column":0}},"121":{"start":{"line":122,"column":0},"end":{"line":122,"column":3}},"122":{"start":{"line":123,"column":0},"end":{"line":123,"column":57}},"123":{"start":{"line":124,"column":0},"end":{"line":124,"column":49}},"124":{"start":{"line":125,"column":0},"end":{"line":125,"column":36}},"125":{"start":{"line":126,"column":0},"end":{"line":126,"column":20}},"126":{"start":{"line":127,"column":0},"end":{"line":127,"column":3}},"127":{"start":{"line":128,"column":0},"end":{"line":128,"column":305}},"128":{"start":{"line":129,"column":0},"end":{"line":129,"column":170}},"129":{"start":{"line":130,"column":0},"end":{"line":130,"column":38}},"130":{"start":{"line":131,"column":0},"end":{"line":131,"column":26}},"131":{"start":{"line":132,"column":0},"end":{"line":132,"column":36}},"132":{"start":{"line":133,"column":0},"end":{"line":133,"column":40}},"133":{"start":{"line":134,"column":0},"end":{"line":134,"column":54}},"134":{"start":{"line":135,"column":0},"end":{"line":135,"column":61}},"135":{"start":{"line":136,"column":0},"end":{"line":136,"column":11}},"136":{"start":{"line":137,"column":0},"end":{"line":137,"column":3}},"137":{"start":{"line":138,"column":0},"end":{"line":138,"column":37}},"138":{"start":{"line":139,"column":0},"end":{"line":139,"column":61}},"139":{"start":{"line":140,"column":0},"end":{"line":140,"column":11}},"140":{"start":{"line":141,"column":0},"end":{"line":141,"column":3}},"141":{"start":{"line":142,"column":0},"end":{"line":142,"column":0}},"142":{"start":{"line":143,"column":0},"end":{"line":143,"column":68}},"143":{"start":{"line":144,"column":0},"end":{"line":144,"column":68}},"144":{"start":{"line":145,"column":0},"end":{"line":145,"column":25}},"145":{"start":{"line":146,"column":0},"end":{"line":146,"column":59}},"146":{"start":{"line":147,"column":0},"end":{"line":147,"column":11}},"147":{"start":{"line":148,"column":0},"end":{"line":148,"column":3}},"148":{"start":{"line":149,"column":0},"end":{"line":149,"column":44}},"149":{"start":{"line":150,"column":0},"end":{"line":150,"column":63}},"150":{"start":{"line":151,"column":0},"end":{"line":151,"column":11}},"151":{"start":{"line":152,"column":0},"end":{"line":152,"column":3}},"152":{"start":{"line":153,"column":0},"end":{"line":153,"column":0}},"153":{"start":{"line":154,"column":0},"end":{"line":154,"column":45}},"154":{"start":{"line":155,"column":0},"end":{"line":155,"column":9}},"155":{"start":{"line":156,"column":0},"end":{"line":156,"column":14}},"156":{"start":{"line":157,"column":0},"end":{"line":157,"column":15}},"157":{"start":{"line":158,"column":0},"end":{"line":158,"column":5}},"158":{"start":{"line":159,"column":0},"end":{"line":159,"column":0}},"159":{"start":{"line":160,"column":0},"end":{"line":160,"column":28}},"160":{"start":{"line":161,"column":0},"end":{"line":161,"column":4}},"161":{"start":{"line":162,"column":0},"end":{"line":162,"column":3}},"162":{"start":{"line":163,"column":0},"end":{"line":163,"column":0}},"163":{"start":{"line":164,"column":0},"end":{"line":164,"column":3}},"164":{"start":{"line":165,"column":0},"end":{"line":165,"column":83}},"165":{"start":{"line":166,"column":0},"end":{"line":166,"column":13}},"166":{"start":{"line":167,"column":0},"end":{"line":167,"column":80}},"167":{"start":{"line":168,"column":0},"end":{"line":168,"column":3}},"168":{"start":{"line":169,"column":0},"end":{"line":169,"column":123}},"169":{"start":{"line":170,"column":0},"end":{"line":170,"column":44}},"170":{"start":{"line":171,"column":0},"end":{"line":171,"column":45}},"171":{"start":{"line":172,"column":0},"end":{"line":172,"column":59}},"172":{"start":{"line":173,"column":0},"end":{"line":173,"column":10}},"173":{"start":{"line":174,"column":0},"end":{"line":174,"column":3}},"174":{"start":{"line":175,"column":0},"end":{"line":175,"column":80}},"175":{"start":{"line":176,"column":0},"end":{"line":176,"column":13}},"176":{"start":{"line":177,"column":0},"end":{"line":177,"column":58}},"177":{"start":{"line":178,"column":0},"end":{"line":178,"column":10}},"178":{"start":{"line":179,"column":0},"end":{"line":179,"column":3}},"179":{"start":{"line":180,"column":0},"end":{"line":180,"column":21}},"180":{"start":{"line":181,"column":0},"end":{"line":181,"column":19}},"181":{"start":{"line":182,"column":0},"end":{"line":182,"column":29}},"182":{"start":{"line":183,"column":0},"end":{"line":183,"column":61}},"183":{"start":{"line":184,"column":0},"end":{"line":184,"column":4}},"184":{"start":{"line":185,"column":0},"end":{"line":185,"column":36}},"185":{"start":{"line":186,"column":0},"end":{"line":186,"column":0}},"186":{"start":{"line":187,"column":0},"end":{"line":187,"column":3}},"187":{"start":{"line":188,"column":0},"end":{"line":188,"column":0}},"188":{"start":{"line":189,"column":0},"end":{"line":189,"column":3}},"189":{"start":{"line":190,"column":0},"end":{"line":190,"column":73}},"190":{"start":{"line":191,"column":0},"end":{"line":191,"column":64}},"191":{"start":{"line":192,"column":0},"end":{"line":192,"column":26}},"192":{"start":{"line":193,"column":0},"end":{"line":193,"column":3}},"193":{"start":{"line":194,"column":0},"end":{"line":194,"column":119}},"194":{"start":{"line":195,"column":0},"end":{"line":195,"column":40}},"195":{"start":{"line":196,"column":0},"end":{"line":196,"column":2}},"196":{"start":{"line":197,"column":0},"end":{"line":197,"column":45}},"197":{"start":{"line":198,"column":0},"end":{"line":198,"column":59}},"198":{"start":{"line":199,"column":0},"end":{"line":199,"column":10}},"199":{"start":{"line":200,"column":0},"end":{"line":200,"column":65}},"200":{"start":{"line":201,"column":0},"end":{"line":201,"column":77}},"201":{"start":{"line":202,"column":0},"end":{"line":202,"column":19}},"202":{"start":{"line":203,"column":0},"end":{"line":203,"column":64}},"203":{"start":{"line":204,"column":0},"end":{"line":204,"column":15}},"204":{"start":{"line":205,"column":0},"end":{"line":205,"column":8}},"205":{"start":{"line":206,"column":0},"end":{"line":206,"column":42}},"206":{"start":{"line":207,"column":0},"end":{"line":207,"column":62}},"207":{"start":{"line":208,"column":0},"end":{"line":208,"column":8}},"208":{"start":{"line":209,"column":0},"end":{"line":209,"column":38}},"209":{"start":{"line":210,"column":0},"end":{"line":210,"column":58}},"210":{"start":{"line":211,"column":0},"end":{"line":211,"column":13}},"211":{"start":{"line":212,"column":0},"end":{"line":212,"column":3}},"212":{"start":{"line":213,"column":0},"end":{"line":213,"column":45}},"213":{"start":{"line":214,"column":0},"end":{"line":214,"column":37}},"214":{"start":{"line":215,"column":0},"end":{"line":215,"column":5}},"215":{"start":{"line":216,"column":0},"end":{"line":216,"column":2}},"216":{"start":{"line":217,"column":0},"end":{"line":217,"column":31}},"217":{"start":{"line":218,"column":0},"end":{"line":218,"column":56}},"218":{"start":{"line":219,"column":0},"end":{"line":219,"column":4}},"219":{"start":{"line":220,"column":0},"end":{"line":220,"column":10}},"220":{"start":{"line":221,"column":0},"end":{"line":221,"column":58}},"221":{"start":{"line":222,"column":0},"end":{"line":222,"column":0}},"222":{"start":{"line":223,"column":0},"end":{"line":223,"column":3}},"223":{"start":{"line":224,"column":0},"end":{"line":224,"column":0}},"224":{"start":{"line":225,"column":0},"end":{"line":225,"column":3}},"225":{"start":{"line":226,"column":0},"end":{"line":226,"column":0}},"226":{"start":{"line":227,"column":0},"end":{"line":227,"column":0}},"227":{"start":{"line":228,"column":0},"end":{"line":228,"column":24}}},"s":{"0":1,"1":1,"2":1,"3":1,"4":1,"5":1,"6":1,"7":1,"8":1,"9":1,"10":1,"11":1,"12":1,"13":1,"14":1,"15":1,"16":1,"17":1,"18":2,"19":2,"20":2,"21":1,"22":1,"23":1,"24":1,"25":1,"26":1,"27":1,"28":1,"29":1,"30":1,"31":1,"32":1,"33":1,"34":1,"35":1,"36":1,"37":1,"38":1,"39":1,"40":1,"41":1,"42":1,"43":1,"44":1,"45":1,"46":1,"47":1,"48":1,"49":1,"50":1,"51":1,"52":1,"53":1,"54":1,"55":1,"56":1,"57":1,"58":1,"59":1,"60":1,"61":1,"62":1,"63":1,"64":1,"65":1,"66":1,"67":1,"68":1,"69":1,"70":1,"71":1,"72":1,"73":1,"74":1,"75":1,"76":1,"77":1,"78":1,"79":1,"80":1,"81":1,"82":1,"83":1,"84":1,"85":1,"86":1,"87":1,"88":1,"89":1,"90":1,"91":1,"92":1,"93":1,"94":1,"95":1,"96":1,"97":1,"98":1,"99":1,"100":1,"101":1,"102":1,"103":1,"104":1,"105":1,"106":1,"107":1,"108":1,"109":1,"110":1,"111":1,"112":1,"113":1,"114":1,"115":1,"116":1,"117":1,"118":1,"119":1,"120":1,"121":1,"122":1,"123":1,"124":1,"125":1,"126":1,"127":1,"128":1,"129":1,"130":12,"131":12,"132":12,"133":12,"134":3,"135":3,"136":3,"137":12,"138":2,"139":2,"140":2,"141":7,"142":7,"143":7,"144":12,"145":2,"146":2,"147":2,"148":12,"149":1,"150":1,"151":1,"152":4,"153":4,"154":4,"155":4,"156":4,"157":4,"158":4,"159":4,"160":4,"161":4,"162":1,"163":1,"164":1,"165":1,"166":1,"167":1,"168":1,"169":1,"170":2,"171":1,"172":1,"173":1,"174":1,"175":1,"176":1,"177":1,"178":1,"179":0,"180":0,"181":0,"182":0,"183":0,"184":0,"185":0,"186":0,"187":1,"188":1,"189":1,"190":1,"191":1,"192":1,"193":1,"194":1,"195":7,"196":7,"197":1,"198":1,"199":1,"200":1,"201":1,"202":1,"203":1,"204":1,"205":1,"206":1,"207":1,"208":1,"209":1,"210":1,"211":1,"212":6,"213":6,"214":6,"215":6,"216":7,"217":2,"218":2,"219":2,"220":2,"221":2,"222":2,"223":7,"224":7,"225":1,"226":1,"227":1},"branchMap":{"0":{"type":"branch","line":18,"loc":{"start":{"line":18,"column":19},"end":{"line":29,"column":3}},"locations":[{"start":{"line":18,"column":19},"end":{"line":29,"column":3}}]},"1":{"type":"branch","line":21,"loc":{"start":{"line":21,"column":19},"end":{"line":29,"column":3}},"locations":[{"start":{"line":21,"column":19},"end":{"line":29,"column":3}}]},"2":{"type":"branch","line":26,"loc":{"start":{"line":26,"column":41},"end":{"line":26,"column":73}},"locations":[{"start":{"line":26,"column":41},"end":{"line":26,"column":73}}]},"3":{"type":"branch","line":41,"loc":{"start":{"line":41,"column":23},"end":{"line":63,"column":4}},"locations":[{"start":{"line":41,"column":23},"end":{"line":63,"column":4}}]},"4":{"type":"branch","line":46,"loc":{"start":{"line":46,"column":44},"end":{"line":49,"column":3}},"locations":[{"start":{"line":46,"column":44},"end":{"line":49,"column":3}}]},"5":{"type":"branch","line":50,"loc":{"start":{"line":50,"column":-2},"end":{"line":51,"column":6}},"locations":[{"start":{"line":50,"column":-2},"end":{"line":51,"column":6}}]},"6":{"type":"branch","line":51,"loc":{"start":{"line":51,"column":12},"end":{"line":54,"column":3}},"locations":[{"start":{"line":51,"column":12},"end":{"line":54,"column":3}}]},"7":{"type":"branch","line":41,"loc":{"start":{"line":41,"column":43},"end":{"line":63,"column":4}},"locations":[{"start":{"line":41,"column":43},"end":{"line":63,"column":4}}]},"8":{"type":"branch","line":130,"loc":{"start":{"line":130,"column":17},"end":{"line":162,"column":3}},"locations":[{"start":{"line":130,"column":17},"end":{"line":162,"column":3}}]},"9":{"type":"branch","line":134,"loc":{"start":{"line":134,"column":7},"end":{"line":134,"column":53}},"locations":[{"start":{"line":134,"column":7},"end":{"line":134,"column":53}}]},"10":{"type":"branch","line":134,"loc":{"start":{"line":134,"column":53},"end":{"line":137,"column":3}},"locations":[{"start":{"line":134,"column":53},"end":{"line":137,"column":3}}]},"11":{"type":"branch","line":138,"loc":{"start":{"line":138,"column":-2},"end":{"line":138,"column":11}},"locations":[{"start":{"line":138,"column":-2},"end":{"line":138,"column":11}}]},"12":{"type":"branch","line":138,"loc":{"start":{"line":138,"column":7},"end":{"line":138,"column":36}},"locations":[{"start":{"line":138,"column":7},"end":{"line":138,"column":36}}]},"13":{"type":"branch","line":138,"loc":{"start":{"line":138,"column":36},"end":{"line":141,"column":3}},"locations":[{"start":{"line":138,"column":36},"end":{"line":141,"column":3}}]},"14":{"type":"branch","line":142,"loc":{"start":{"line":142,"column":-2},"end":{"line":145,"column":7}},"locations":[{"start":{"line":142,"column":-2},"end":{"line":145,"column":7}}]},"15":{"type":"branch","line":145,"loc":{"start":{"line":145,"column":6},"end":{"line":145,"column":24}},"locations":[{"start":{"line":145,"column":6},"end":{"line":145,"column":24}}]},"16":{"type":"branch","line":145,"loc":{"start":{"line":145,"column":24},"end":{"line":148,"column":3}},"locations":[{"start":{"line":145,"column":24},"end":{"line":148,"column":3}}]},"17":{"type":"branch","line":149,"loc":{"start":{"line":149,"column":-2},"end":{"line":149,"column":6}},"locations":[{"start":{"line":149,"column":-2},"end":{"line":149,"column":6}}]},"18":{"type":"branch","line":149,"loc":{"start":{"line":149,"column":43},"end":{"line":152,"column":3}},"locations":[{"start":{"line":149,"column":43},"end":{"line":152,"column":3}}]},"19":{"type":"branch","line":153,"loc":{"start":{"line":153,"column":-2},"end":{"line":162,"column":3}},"locations":[{"start":{"line":153,"column":-2},"end":{"line":162,"column":3}}]},"20":{"type":"branch","line":170,"loc":{"start":{"line":170,"column":23},"end":{"line":187,"column":3}},"locations":[{"start":{"line":170,"column":23},"end":{"line":187,"column":3}}]},"21":{"type":"branch","line":171,"loc":{"start":{"line":171,"column":44},"end":{"line":179,"column":3}},"locations":[{"start":{"line":171,"column":44},"end":{"line":179,"column":3}}]},"22":{"type":"branch","line":180,"loc":{"start":{"line":180,"column":-2},"end":{"line":187,"column":3}},"locations":[{"start":{"line":180,"column":-2},"end":{"line":187,"column":3}}]},"23":{"type":"branch","line":195,"loc":{"start":{"line":195,"column":19},"end":{"line":225,"column":3}},"locations":[{"start":{"line":195,"column":19},"end":{"line":225,"column":3}}]},"24":{"type":"branch","line":197,"loc":{"start":{"line":197,"column":44},"end":{"line":212,"column":3}},"locations":[{"start":{"line":197,"column":44},"end":{"line":212,"column":3}}]},"25":{"type":"branch","line":213,"loc":{"start":{"line":213,"column":-2},"end":{"line":217,"column":6}},"locations":[{"start":{"line":213,"column":-2},"end":{"line":217,"column":6}}]},"26":{"type":"branch","line":217,"loc":{"start":{"line":217,"column":30},"end":{"line":220,"column":9}},"locations":[{"start":{"line":217,"column":30},"end":{"line":220,"column":9}}]},"27":{"type":"branch","line":217,"loc":{"start":{"line":217,"column":2},"end":{"line":223,"column":3}},"locations":[{"start":{"line":217,"column":2},"end":{"line":223,"column":3}}]}},"b":{"0":[2],"1":[1],"2":[2],"3":[4],"4":[1],"5":[3],"6":[2],"7":[1],"8":[12],"9":[11],"10":[3],"11":[9],"12":[8],"13":[2],"14":[7],"15":[5],"16":[2],"17":[5],"18":[1],"19":[4],"20":[2],"21":[1],"22":[0],"23":[7],"24":[1],"25":[6],"26":[4],"27":[2]},"fnMap":{"0":{"name":"getRooms","decl":{"start":{"line":26,"column":41},"end":{"line":26,"column":73}},"loc":{"start":{"line":26,"column":41},"end":{"line":26,"column":73}},"line":26}},"f":{"0":2}}
,"/home/ubuntu/Shopeer/backend/match/searches.js": {"path":"/home/ubuntu/Shopeer/backend/match/searches.js","all":false,"statementMap":{"0":{"start":{"line":1,"column":0},"end":{"line":1,"column":34}},"1":{"start":{"line":2,"column":0},"end":{"line":2,"column":21}},"2":{"start":{"line":3,"column":0},"end":{"line":3,"column":23}},"3":{"start":{"line":4,"column":0},"end":{"line":4,"column":38}},"4":{"start":{"line":5,"column":0},"end":{"line":5,"column":82}},"5":{"start":{"line":6,"column":0},"end":{"line":6,"column":0}},"6":{"start":{"line":7,"column":0},"end":{"line":7,"column":0}},"7":{"start":{"line":8,"column":0},"end":{"line":8,"column":45}},"8":{"start":{"line":9,"column":0},"end":{"line":9,"column":61}},"9":{"start":{"line":10,"column":0},"end":{"line":10,"column":71}},"10":{"start":{"line":11,"column":0},"end":{"line":11,"column":22}},"11":{"start":{"line":12,"column":0},"end":{"line":12,"column":31}},"12":{"start":{"line":13,"column":0},"end":{"line":13,"column":42}},"13":{"start":{"line":14,"column":0},"end":{"line":14,"column":39}},"14":{"start":{"line":15,"column":0},"end":{"line":15,"column":0}},"15":{"start":{"line":16,"column":0},"end":{"line":16,"column":44}},"16":{"start":{"line":17,"column":0},"end":{"line":17,"column":52}},"17":{"start":{"line":18,"column":0},"end":{"line":18,"column":12}},"18":{"start":{"line":19,"column":0},"end":{"line":19,"column":81}},"19":{"start":{"line":20,"column":0},"end":{"line":20,"column":27}},"20":{"start":{"line":21,"column":0},"end":{"line":21,"column":65}},"21":{"start":{"line":22,"column":0},"end":{"line":22,"column":18}},"22":{"start":{"line":23,"column":0},"end":{"line":23,"column":9}},"23":{"start":{"line":24,"column":0},"end":{"line":24,"column":52}},"24":{"start":{"line":25,"column":0},"end":{"line":25,"column":41}},"25":{"start":{"line":26,"column":0},"end":{"line":26,"column":5}},"26":{"start":{"line":27,"column":0},"end":{"line":27,"column":2}},"27":{"start":{"line":28,"column":0},"end":{"line":28,"column":0}},"28":{"start":{"line":29,"column":0},"end":{"line":29,"column":0}},"29":{"start":{"line":30,"column":0},"end":{"line":30,"column":0}},"30":{"start":{"line":31,"column":0},"end":{"line":31,"column":64}},"31":{"start":{"line":32,"column":0},"end":{"line":32,"column":66}},"32":{"start":{"line":33,"column":0},"end":{"line":33,"column":63}},"33":{"start":{"line":34,"column":0},"end":{"line":34,"column":22}},"34":{"start":{"line":35,"column":0},"end":{"line":35,"column":0}},"35":{"start":{"line":36,"column":0},"end":{"line":36,"column":0}},"36":{"start":{"line":37,"column":0},"end":{"line":37,"column":60}},"37":{"start":{"line":38,"column":0},"end":{"line":38,"column":98}},"38":{"start":{"line":39,"column":0},"end":{"line":39,"column":43}},"39":{"start":{"line":40,"column":0},"end":{"line":40,"column":39}},"40":{"start":{"line":41,"column":0},"end":{"line":41,"column":0}},"41":{"start":{"line":42,"column":0},"end":{"line":42,"column":44}},"42":{"start":{"line":43,"column":0},"end":{"line":43,"column":52}},"43":{"start":{"line":44,"column":0},"end":{"line":44,"column":47}},"44":{"start":{"line":45,"column":0},"end":{"line":45,"column":49}},"45":{"start":{"line":46,"column":0},"end":{"line":46,"column":12}},"46":{"start":{"line":47,"column":0},"end":{"line":47,"column":50}},"47":{"start":{"line":48,"column":0},"end":{"line":48,"column":58}},"48":{"start":{"line":49,"column":0},"end":{"line":49,"column":81}},"49":{"start":{"line":50,"column":0},"end":{"line":50,"column":34}},"50":{"start":{"line":51,"column":0},"end":{"line":51,"column":64}},"51":{"start":{"line":52,"column":0},"end":{"line":52,"column":16}},"52":{"start":{"line":53,"column":0},"end":{"line":53,"column":0}},"53":{"start":{"line":54,"column":0},"end":{"line":54,"column":51}},"54":{"start":{"line":55,"column":0},"end":{"line":55,"column":113}},"55":{"start":{"line":56,"column":0},"end":{"line":56,"column":85}},"56":{"start":{"line":57,"column":0},"end":{"line":57,"column":71}},"57":{"start":{"line":58,"column":0},"end":{"line":58,"column":20}},"58":{"start":{"line":59,"column":0},"end":{"line":59,"column":71}},"59":{"start":{"line":60,"column":0},"end":{"line":60,"column":81}},"60":{"start":{"line":61,"column":0},"end":{"line":61,"column":84}},"61":{"start":{"line":62,"column":0},"end":{"line":62,"column":29}},"62":{"start":{"line":63,"column":0},"end":{"line":63,"column":21}},"63":{"start":{"line":64,"column":0},"end":{"line":64,"column":17}},"64":{"start":{"line":65,"column":0},"end":{"line":65,"column":13}},"65":{"start":{"line":66,"column":0},"end":{"line":66,"column":9}},"66":{"start":{"line":67,"column":0},"end":{"line":67,"column":5}},"67":{"start":{"line":68,"column":0},"end":{"line":68,"column":2}},"68":{"start":{"line":69,"column":0},"end":{"line":69,"column":0}},"69":{"start":{"line":70,"column":0},"end":{"line":70,"column":0}},"70":{"start":{"line":71,"column":0},"end":{"line":71,"column":42}},"71":{"start":{"line":72,"column":0},"end":{"line":72,"column":39}},"72":{"start":{"line":73,"column":0},"end":{"line":73,"column":0}},"73":{"start":{"line":74,"column":0},"end":{"line":74,"column":44}},"74":{"start":{"line":75,"column":0},"end":{"line":75,"column":52}},"75":{"start":{"line":76,"column":0},"end":{"line":76,"column":47}},"76":{"start":{"line":77,"column":0},"end":{"line":77,"column":42}},"77":{"start":{"line":78,"column":0},"end":{"line":78,"column":12}},"78":{"start":{"line":79,"column":0},"end":{"line":79,"column":51}},"79":{"start":{"line":80,"column":0},"end":{"line":80,"column":50}},"80":{"start":{"line":81,"column":0},"end":{"line":81,"column":58}},"81":{"start":{"line":82,"column":0},"end":{"line":82,"column":81}},"82":{"start":{"line":83,"column":0},"end":{"line":83,"column":0}},"83":{"start":{"line":84,"column":0},"end":{"line":84,"column":34}},"84":{"start":{"line":85,"column":0},"end":{"line":85,"column":64}},"85":{"start":{"line":86,"column":0},"end":{"line":86,"column":56}},"86":{"start":{"line":87,"column":0},"end":{"line":87,"column":34}},"87":{"start":{"line":88,"column":0},"end":{"line":88,"column":44}},"88":{"start":{"line":89,"column":0},"end":{"line":89,"column":103}},"89":{"start":{"line":90,"column":0},"end":{"line":90,"column":57}},"90":{"start":{"line":91,"column":0},"end":{"line":91,"column":13}},"91":{"start":{"line":92,"column":0},"end":{"line":92,"column":72}},"92":{"start":{"line":93,"column":0},"end":{"line":93,"column":16}},"93":{"start":{"line":94,"column":0},"end":{"line":94,"column":27}},"94":{"start":{"line":95,"column":0},"end":{"line":95,"column":58}},"95":{"start":{"line":96,"column":0},"end":{"line":96,"column":102}},"96":{"start":{"line":97,"column":0},"end":{"line":97,"column":13}},"97":{"start":{"line":98,"column":0},"end":{"line":98,"column":54}},"98":{"start":{"line":99,"column":0},"end":{"line":99,"column":112}},"99":{"start":{"line":100,"column":0},"end":{"line":100,"column":13}},"100":{"start":{"line":101,"column":0},"end":{"line":101,"column":25}},"101":{"start":{"line":102,"column":0},"end":{"line":102,"column":71}},"102":{"start":{"line":103,"column":0},"end":{"line":103,"column":36}},"103":{"start":{"line":104,"column":0},"end":{"line":104,"column":48}},"104":{"start":{"line":105,"column":0},"end":{"line":105,"column":105}},"105":{"start":{"line":106,"column":0},"end":{"line":106,"column":75}},"106":{"start":{"line":107,"column":0},"end":{"line":107,"column":17}},"107":{"start":{"line":108,"column":0},"end":{"line":108,"column":75}},"108":{"start":{"line":109,"column":0},"end":{"line":109,"column":20}},"109":{"start":{"line":110,"column":0},"end":{"line":110,"column":86}},"110":{"start":{"line":111,"column":0},"end":{"line":111,"column":13}},"111":{"start":{"line":112,"column":0},"end":{"line":112,"column":9}},"112":{"start":{"line":113,"column":0},"end":{"line":113,"column":5}},"113":{"start":{"line":114,"column":0},"end":{"line":114,"column":2}},"114":{"start":{"line":115,"column":0},"end":{"line":115,"column":0}},"115":{"start":{"line":116,"column":0},"end":{"line":116,"column":37}},"116":{"start":{"line":117,"column":0},"end":{"line":117,"column":22}},"117":{"start":{"line":118,"column":0},"end":{"line":118,"column":38}},"118":{"start":{"line":119,"column":0},"end":{"line":119,"column":32}},"119":{"start":{"line":120,"column":0},"end":{"line":120,"column":42}},"120":{"start":{"line":121,"column":0},"end":{"line":121,"column":42}},"121":{"start":{"line":122,"column":0},"end":{"line":122,"column":42}},"122":{"start":{"line":123,"column":0},"end":{"line":123,"column":34}},"123":{"start":{"line":124,"column":0},"end":{"line":124,"column":35}},"124":{"start":{"line":125,"column":0},"end":{"line":125,"column":5}},"125":{"start":{"line":126,"column":0},"end":{"line":126,"column":21}},"126":{"start":{"line":127,"column":0},"end":{"line":127,"column":1}},"127":{"start":{"line":128,"column":0},"end":{"line":128,"column":0}},"128":{"start":{"line":129,"column":0},"end":{"line":129,"column":35}},"129":{"start":{"line":130,"column":0},"end":{"line":130,"column":203}},"130":{"start":{"line":131,"column":0},"end":{"line":131,"column":20}},"131":{"start":{"line":132,"column":0},"end":{"line":132,"column":5}},"132":{"start":{"line":133,"column":0},"end":{"line":133,"column":60}},"133":{"start":{"line":134,"column":0},"end":{"line":134,"column":20}},"134":{"start":{"line":135,"column":0},"end":{"line":135,"column":5}},"135":{"start":{"line":136,"column":0},"end":{"line":136,"column":47}},"136":{"start":{"line":137,"column":0},"end":{"line":137,"column":20}},"137":{"start":{"line":138,"column":0},"end":{"line":138,"column":5}},"138":{"start":{"line":139,"column":0},"end":{"line":139,"column":52}},"139":{"start":{"line":140,"column":0},"end":{"line":140,"column":20}},"140":{"start":{"line":141,"column":0},"end":{"line":141,"column":5}},"141":{"start":{"line":142,"column":0},"end":{"line":142,"column":57}},"142":{"start":{"line":143,"column":0},"end":{"line":143,"column":23}},"143":{"start":{"line":144,"column":0},"end":{"line":144,"column":8}},"144":{"start":{"line":145,"column":0},"end":{"line":145,"column":47}},"145":{"start":{"line":146,"column":0},"end":{"line":146,"column":23}},"146":{"start":{"line":147,"column":0},"end":{"line":147,"column":8}},"147":{"start":{"line":148,"column":0},"end":{"line":148,"column":52}},"148":{"start":{"line":149,"column":0},"end":{"line":149,"column":23}},"149":{"start":{"line":150,"column":0},"end":{"line":150,"column":8}},"150":{"start":{"line":151,"column":0},"end":{"line":151,"column":57}},"151":{"start":{"line":152,"column":0},"end":{"line":152,"column":20}},"152":{"start":{"line":153,"column":0},"end":{"line":153,"column":5}},"153":{"start":{"line":154,"column":0},"end":{"line":154,"column":57}},"154":{"start":{"line":155,"column":0},"end":{"line":155,"column":20}},"155":{"start":{"line":156,"column":0},"end":{"line":156,"column":5}},"156":{"start":{"line":157,"column":0},"end":{"line":157,"column":51}},"157":{"start":{"line":158,"column":0},"end":{"line":158,"column":20}},"158":{"start":{"line":159,"column":0},"end":{"line":159,"column":5}},"159":{"start":{"line":160,"column":0},"end":{"line":160,"column":52}},"160":{"start":{"line":161,"column":0},"end":{"line":161,"column":20}},"161":{"start":{"line":162,"column":0},"end":{"line":162,"column":5}},"162":{"start":{"line":163,"column":0},"end":{"line":163,"column":15}},"163":{"start":{"line":164,"column":0},"end":{"line":164,"column":1}},"164":{"start":{"line":165,"column":0},"end":{"line":165,"column":0}},"165":{"start":{"line":166,"column":0},"end":{"line":166,"column":46}},"166":{"start":{"line":167,"column":0},"end":{"line":167,"column":40}},"167":{"start":{"line":168,"column":0},"end":{"line":168,"column":1}},"168":{"start":{"line":169,"column":0},"end":{"line":169,"column":0}},"169":{"start":{"line":170,"column":0},"end":{"line":170,"column":36}},"170":{"start":{"line":171,"column":0},"end":{"line":171,"column":37}},"171":{"start":{"line":172,"column":0},"end":{"line":172,"column":1}},"172":{"start":{"line":173,"column":0},"end":{"line":173,"column":0}},"173":{"start":{"line":174,"column":0},"end":{"line":174,"column":0}},"174":{"start":{"line":175,"column":0},"end":{"line":175,"column":86}},"175":{"start":{"line":176,"column":0},"end":{"line":176,"column":89}},"176":{"start":{"line":177,"column":0},"end":{"line":177,"column":19}},"177":{"start":{"line":178,"column":0},"end":{"line":178,"column":22}},"178":{"start":{"line":179,"column":0},"end":{"line":179,"column":26}},"179":{"start":{"line":180,"column":0},"end":{"line":180,"column":45}},"180":{"start":{"line":181,"column":0},"end":{"line":181,"column":39}},"181":{"start":{"line":182,"column":0},"end":{"line":182,"column":38}},"182":{"start":{"line":183,"column":0},"end":{"line":183,"column":44}},"183":{"start":{"line":184,"column":0},"end":{"line":184,"column":64}},"184":{"start":{"line":185,"column":0},"end":{"line":185,"column":51}},"185":{"start":{"line":186,"column":0},"end":{"line":186,"column":57}},"186":{"start":{"line":187,"column":0},"end":{"line":187,"column":12}},"187":{"start":{"line":188,"column":0},"end":{"line":188,"column":81}},"188":{"start":{"line":189,"column":0},"end":{"line":189,"column":27}},"189":{"start":{"line":190,"column":0},"end":{"line":190,"column":64}},"190":{"start":{"line":191,"column":0},"end":{"line":191,"column":18}},"191":{"start":{"line":192,"column":0},"end":{"line":192,"column":9}},"192":{"start":{"line":193,"column":0},"end":{"line":193,"column":29}},"193":{"start":{"line":194,"column":0},"end":{"line":194,"column":63}},"194":{"start":{"line":195,"column":0},"end":{"line":195,"column":64}},"195":{"start":{"line":196,"column":0},"end":{"line":196,"column":123}},"196":{"start":{"line":197,"column":0},"end":{"line":197,"column":68}},"197":{"start":{"line":198,"column":0},"end":{"line":198,"column":33}},"198":{"start":{"line":199,"column":0},"end":{"line":199,"column":21}},"199":{"start":{"line":200,"column":0},"end":{"line":200,"column":13}},"200":{"start":{"line":201,"column":0},"end":{"line":201,"column":9}},"201":{"start":{"line":202,"column":0},"end":{"line":202,"column":29}},"202":{"start":{"line":203,"column":0},"end":{"line":203,"column":66}},"203":{"start":{"line":204,"column":0},"end":{"line":204,"column":9}},"204":{"start":{"line":205,"column":0},"end":{"line":205,"column":5}},"205":{"start":{"line":206,"column":0},"end":{"line":206,"column":2}},"206":{"start":{"line":207,"column":0},"end":{"line":207,"column":0}},"207":{"start":{"line":208,"column":0},"end":{"line":208,"column":0}},"208":{"start":{"line":209,"column":0},"end":{"line":209,"column":0}},"209":{"start":{"line":210,"column":0},"end":{"line":210,"column":20}}},"s":{"0":1,"1":1,"2":1,"3":1,"4":1,"5":1,"6":1,"7":1,"8":1,"9":1,"10":1,"11":1,"12":1,"13":5,"14":5,"15":5,"16":2,"17":2,"18":2,"19":2,"20":1,"21":1,"22":1,"23":1,"24":1,"25":1,"26":5,"27":1,"28":1,"29":1,"30":1,"31":1,"32":1,"33":1,"34":1,"35":1,"36":1,"37":1,"38":1,"39":10,"40":10,"41":10,"42":7,"43":7,"44":5,"45":5,"46":5,"47":5,"48":5,"49":5,"50":4,"51":4,"52":4,"53":4,"54":2,"55":2,"56":2,"57":2,"58":2,"59":2,"60":2,"61":2,"62":2,"63":2,"64":2,"65":4,"66":5,"67":10,"68":1,"69":1,"70":1,"71":14,"72":14,"73":14,"74":13,"75":13,"76":6,"77":6,"78":6,"79":6,"80":6,"81":6,"82":6,"83":6,"84":5,"85":5,"86":3,"87":3,"88":3,"89":3,"90":3,"91":3,"92":3,"93":3,"94":3,"95":3,"96":3,"97":3,"98":3,"99":3,"100":3,"101":2,"102":2,"103":1,"104":1,"105":1,"106":1,"107":1,"108":1,"109":1,"110":1,"111":3,"112":6,"113":14,"114":1,"115":11,"116":11,"117":11,"118":11,"119":11,"120":11,"121":11,"122":11,"123":11,"124":11,"125":11,"126":11,"127":1,"128":20,"129":15,"130":15,"131":15,"132":15,"133":15,"134":15,"135":15,"136":15,"137":15,"138":15,"139":15,"140":15,"141":15,"142":15,"143":15,"144":15,"145":15,"146":15,"147":15,"148":15,"149":15,"150":20,"151":1,"152":1,"153":20,"154":1,"155":1,"156":20,"157":1,"158":1,"159":20,"160":1,"161":1,"162":11,"163":11,"164":1,"165":19,"166":19,"167":19,"168":1,"169":33,"170":33,"171":33,"172":1,"173":1,"174":1,"175":1,"176":1,"177":1,"178":1,"179":1,"180":5,"181":5,"182":5,"183":4,"184":4,"185":3,"186":3,"187":3,"188":3,"189":1,"190":1,"191":1,"192":2,"193":2,"194":2,"195":1,"196":1,"197":1,"198":1,"199":1,"200":2,"201":3,"202":1,"203":1,"204":3,"205":5,"206":1,"207":1,"208":1,"209":1},"branchMap":{"0":{"type":"branch","line":13,"loc":{"start":{"line":13,"column":21},"end":{"line":27,"column":2}},"locations":[{"start":{"line":13,"column":21},"end":{"line":27,"column":2}}]},"1":{"type":"branch","line":16,"loc":{"start":{"line":16,"column":43},"end":{"line":18,"column":11}},"locations":[{"start":{"line":16,"column":43},"end":{"line":18,"column":11}}]},"2":{"type":"branch","line":16,"loc":{"start":{"line":16,"column":4},"end":{"line":26,"column":5}},"locations":[{"start":{"line":16,"column":4},"end":{"line":26,"column":5}}]},"3":{"type":"branch","line":20,"loc":{"start":{"line":20,"column":26},"end":{"line":26,"column":5}},"locations":[{"start":{"line":20,"column":26},"end":{"line":26,"column":5}}]},"4":{"type":"branch","line":39,"loc":{"start":{"line":39,"column":22},"end":{"line":68,"column":2}},"locations":[{"start":{"line":39,"column":22},"end":{"line":68,"column":2}}]},"5":{"type":"branch","line":42,"loc":{"start":{"line":42,"column":43},"end":{"line":44,"column":11}},"locations":[{"start":{"line":42,"column":43},"end":{"line":44,"column":11}}]},"6":{"type":"branch","line":42,"loc":{"start":{"line":42,"column":4},"end":{"line":67,"column":5}},"locations":[{"start":{"line":42,"column":4},"end":{"line":67,"column":5}}]},"7":{"type":"branch","line":44,"loc":{"start":{"line":44,"column":46},"end":{"line":46,"column":11}},"locations":[{"start":{"line":44,"column":46},"end":{"line":46,"column":11}}]},"8":{"type":"branch","line":44,"loc":{"start":{"line":44,"column":11},"end":{"line":67,"column":5}},"locations":[{"start":{"line":44,"column":11},"end":{"line":67,"column":5}}]},"9":{"type":"branch","line":50,"loc":{"start":{"line":50,"column":33},"end":{"line":52,"column":15}},"locations":[{"start":{"line":50,"column":33},"end":{"line":52,"column":15}}]},"10":{"type":"branch","line":50,"loc":{"start":{"line":50,"column":8},"end":{"line":66,"column":9}},"locations":[{"start":{"line":50,"column":8},"end":{"line":66,"column":9}}]},"11":{"type":"branch","line":54,"loc":{"start":{"line":54,"column":50},"end":{"line":65,"column":13}},"locations":[{"start":{"line":54,"column":50},"end":{"line":65,"column":13}}]},"12":{"type":"branch","line":71,"loc":{"start":{"line":71,"column":21},"end":{"line":114,"column":2}},"locations":[{"start":{"line":71,"column":21},"end":{"line":114,"column":2}}]},"13":{"type":"branch","line":74,"loc":{"start":{"line":74,"column":43},"end":{"line":76,"column":11}},"locations":[{"start":{"line":74,"column":43},"end":{"line":76,"column":11}}]},"14":{"type":"branch","line":74,"loc":{"start":{"line":74,"column":4},"end":{"line":113,"column":5}},"locations":[{"start":{"line":74,"column":4},"end":{"line":113,"column":5}}]},"15":{"type":"branch","line":76,"loc":{"start":{"line":76,"column":46},"end":{"line":78,"column":11}},"locations":[{"start":{"line":76,"column":46},"end":{"line":78,"column":11}}]},"16":{"type":"branch","line":76,"loc":{"start":{"line":76,"column":11},"end":{"line":113,"column":5}},"locations":[{"start":{"line":76,"column":11},"end":{"line":113,"column":5}}]},"17":{"type":"branch","line":84,"loc":{"start":{"line":84,"column":33},"end":{"line":86,"column":15}},"locations":[{"start":{"line":84,"column":33},"end":{"line":86,"column":15}}]},"18":{"type":"branch","line":84,"loc":{"start":{"line":84,"column":8},"end":{"line":112,"column":9}},"locations":[{"start":{"line":84,"column":8},"end":{"line":112,"column":9}}]},"19":{"type":"branch","line":86,"loc":{"start":{"line":86,"column":55},"end":{"line":93,"column":15}},"locations":[{"start":{"line":86,"column":55},"end":{"line":93,"column":15}}]},"20":{"type":"branch","line":86,"loc":{"start":{"line":86,"column":15},"end":{"line":112,"column":9}},"locations":[{"start":{"line":86,"column":15},"end":{"line":112,"column":9}}]},"21":{"type":"branch","line":101,"loc":{"start":{"line":101,"column":24},"end":{"line":103,"column":19}},"locations":[{"start":{"line":101,"column":24},"end":{"line":103,"column":19}}]},"22":{"type":"branch","line":101,"loc":{"start":{"line":101,"column":12},"end":{"line":111,"column":13}},"locations":[{"start":{"line":101,"column":12},"end":{"line":111,"column":13}}]},"23":{"type":"branch","line":103,"loc":{"start":{"line":103,"column":35},"end":{"line":111,"column":13}},"locations":[{"start":{"line":103,"column":35},"end":{"line":111,"column":13}}]},"24":{"type":"branch","line":116,"loc":{"start":{"line":116,"column":0},"end":{"line":127,"column":1}},"locations":[{"start":{"line":116,"column":0},"end":{"line":127,"column":1}}]},"25":{"type":"branch","line":129,"loc":{"start":{"line":129,"column":0},"end":{"line":164,"column":1}},"locations":[{"start":{"line":129,"column":0},"end":{"line":164,"column":1}}]},"26":{"type":"branch","line":130,"loc":{"start":{"line":130,"column":8},"end":{"line":130,"column":61}},"locations":[{"start":{"line":130,"column":8},"end":{"line":130,"column":61}}]},"27":{"type":"branch","line":130,"loc":{"start":{"line":130,"column":8},"end":{"line":130,"column":91}},"locations":[{"start":{"line":130,"column":8},"end":{"line":130,"column":91}}]},"28":{"type":"branch","line":130,"loc":{"start":{"line":130,"column":8},"end":{"line":130,"column":121}},"locations":[{"start":{"line":130,"column":8},"end":{"line":130,"column":121}}]},"29":{"type":"branch","line":130,"loc":{"start":{"line":130,"column":8},"end":{"line":130,"column":151}},"locations":[{"start":{"line":130,"column":8},"end":{"line":130,"column":151}}]},"30":{"type":"branch","line":130,"loc":{"start":{"line":130,"column":8},"end":{"line":130,"column":177}},"locations":[{"start":{"line":130,"column":8},"end":{"line":130,"column":177}}]},"31":{"type":"branch","line":130,"loc":{"start":{"line":130,"column":8},"end":{"line":130,"column":202}},"locations":[{"start":{"line":130,"column":8},"end":{"line":130,"column":202}}]},"32":{"type":"branch","line":130,"loc":{"start":{"line":130,"column":202},"end":{"line":132,"column":5}},"locations":[{"start":{"line":130,"column":202},"end":{"line":132,"column":5}}]},"33":{"type":"branch","line":133,"loc":{"start":{"line":133,"column":-2},"end":{"line":133,"column":8}},"locations":[{"start":{"line":133,"column":-2},"end":{"line":133,"column":8}}]},"34":{"type":"branch","line":133,"loc":{"start":{"line":133,"column":59},"end":{"line":135,"column":5}},"locations":[{"start":{"line":133,"column":59},"end":{"line":135,"column":5}}]},"35":{"type":"branch","line":136,"loc":{"start":{"line":136,"column":-2},"end":{"line":136,"column":8}},"locations":[{"start":{"line":136,"column":-2},"end":{"line":136,"column":8}}]},"36":{"type":"branch","line":136,"loc":{"start":{"line":136,"column":46},"end":{"line":138,"column":5}},"locations":[{"start":{"line":136,"column":46},"end":{"line":138,"column":5}}]},"37":{"type":"branch","line":139,"loc":{"start":{"line":139,"column":-2},"end":{"line":139,"column":8}},"locations":[{"start":{"line":139,"column":-2},"end":{"line":139,"column":8}}]},"38":{"type":"branch","line":139,"loc":{"start":{"line":139,"column":51},"end":{"line":141,"column":5}},"locations":[{"start":{"line":139,"column":51},"end":{"line":141,"column":5}}]},"39":{"type":"branch","line":129,"loc":{"start":{"line":129,"column":34},"end":{"line":151,"column":8}},"locations":[{"start":{"line":129,"column":34},"end":{"line":151,"column":8}}]},"40":{"type":"branch","line":151,"loc":{"start":{"line":151,"column":56},"end":{"line":153,"column":5}},"locations":[{"start":{"line":151,"column":56},"end":{"line":153,"column":5}}]},"41":{"type":"branch","line":154,"loc":{"start":{"line":154,"column":-2},"end":{"line":154,"column":8}},"locations":[{"start":{"line":154,"column":-2},"end":{"line":154,"column":8}}]},"42":{"type":"branch","line":154,"loc":{"start":{"line":154,"column":56},"end":{"line":156,"column":5}},"locations":[{"start":{"line":154,"column":56},"end":{"line":156,"column":5}}]},"43":{"type":"branch","line":157,"loc":{"start":{"line":157,"column":-2},"end":{"line":157,"column":8}},"locations":[{"start":{"line":157,"column":-2},"end":{"line":157,"column":8}}]},"44":{"type":"branch","line":157,"loc":{"start":{"line":157,"column":50},"end":{"line":159,"column":5}},"locations":[{"start":{"line":157,"column":50},"end":{"line":159,"column":5}}]},"45":{"type":"branch","line":160,"loc":{"start":{"line":160,"column":-2},"end":{"line":160,"column":8}},"locations":[{"start":{"line":160,"column":-2},"end":{"line":160,"column":8}}]},"46":{"type":"branch","line":160,"loc":{"start":{"line":160,"column":51},"end":{"line":162,"column":5}},"locations":[{"start":{"line":160,"column":51},"end":{"line":162,"column":5}}]},"47":{"type":"branch","line":163,"loc":{"start":{"line":163,"column":-2},"end":{"line":164,"column":1}},"locations":[{"start":{"line":163,"column":-2},"end":{"line":164,"column":1}}]},"48":{"type":"branch","line":166,"loc":{"start":{"line":166,"column":0},"end":{"line":168,"column":1}},"locations":[{"start":{"line":166,"column":0},"end":{"line":168,"column":1}}]},"49":{"type":"branch","line":170,"loc":{"start":{"line":170,"column":0},"end":{"line":172,"column":1}},"locations":[{"start":{"line":170,"column":0},"end":{"line":172,"column":1}}]},"50":{"type":"branch","line":180,"loc":{"start":{"line":180,"column":24},"end":{"line":206,"column":2}},"locations":[{"start":{"line":180,"column":24},"end":{"line":206,"column":2}}]},"51":{"type":"branch","line":183,"loc":{"start":{"line":183,"column":43},"end":{"line":185,"column":11}},"locations":[{"start":{"line":183,"column":43},"end":{"line":185,"column":11}}]},"52":{"type":"branch","line":183,"loc":{"start":{"line":183,"column":4},"end":{"line":205,"column":5}},"locations":[{"start":{"line":183,"column":4},"end":{"line":205,"column":5}}]},"53":{"type":"branch","line":185,"loc":{"start":{"line":185,"column":50},"end":{"line":187,"column":11}},"locations":[{"start":{"line":185,"column":50},"end":{"line":187,"column":11}}]},"54":{"type":"branch","line":185,"loc":{"start":{"line":185,"column":11},"end":{"line":205,"column":5}},"locations":[{"start":{"line":185,"column":11},"end":{"line":205,"column":5}}]},"55":{"type":"branch","line":189,"loc":{"start":{"line":189,"column":26},"end":{"line":192,"column":9}},"locations":[{"start":{"line":189,"column":26},"end":{"line":192,"column":9}}]},"56":{"type":"branch","line":193,"loc":{"start":{"line":193,"column":-2},"end":{"line":202,"column":12}},"locations":[{"start":{"line":193,"column":-2},"end":{"line":202,"column":12}}]},"57":{"type":"branch","line":195,"loc":{"start":{"line":195,"column":63},"end":{"line":200,"column":13}},"locations":[{"start":{"line":195,"column":63},"end":{"line":200,"column":13}}]},"58":{"type":"branch","line":202,"loc":{"start":{"line":202,"column":28},"end":{"line":204,"column":9}},"locations":[{"start":{"line":202,"column":28},"end":{"line":204,"column":9}}]}},"b":{"0":[5],"1":[3],"2":[2],"3":[1],"4":[10],"5":[3],"6":[7],"7":[2],"8":[5],"9":[1],"10":[4],"11":[2],"12":[14],"13":[1],"14":[13],"15":[7],"16":[6],"17":[1],"18":[5],"19":[2],"20":[3],"21":[1],"22":[2],"23":[1],"24":[11],"25":[20],"26":[19],"27":[19],"28":[19],"29":[19],"30":[19],"31":[19],"32":[1],"33":[19],"34":[2],"35":[17],"36":[1],"37":[16],"38":[1],"39":[15],"40":[1],"41":[14],"42":[1],"43":[13],"44":[1],"45":[12],"46":[1],"47":[11],"48":[19],"49":[33],"50":[5],"51":[1],"52":[4],"53":[1],"54":[3],"55":[1],"56":[2],"57":[1],"58":[1]},"fnMap":{"0":{"name":"create_search_object","decl":{"start":{"line":116,"column":0},"end":{"line":127,"column":1}},"loc":{"start":{"line":116,"column":0},"end":{"line":127,"column":1}},"line":116},"1":{"name":"error_check_search","decl":{"start":{"line":129,"column":0},"end":{"line":164,"column":1}},"loc":{"start":{"line":129,"column":0},"end":{"line":164,"column":1}},"line":129},"2":{"name":"onlyLettersAndSpacesAndNumbers","decl":{"start":{"line":166,"column":0},"end":{"line":168,"column":1}},"loc":{"start":{"line":166,"column":0},"end":{"line":168,"column":1}},"line":166},"3":{"name":"onlyLettersAndSpaces","decl":{"start":{"line":170,"column":0},"end":{"line":172,"column":1}},"loc":{"start":{"line":170,"column":0},"end":{"line":172,"column":1}},"line":170}},"f":{"0":11,"1":20,"2":19,"3":33}}
,"/home/ubuntu/Shopeer/backend/match/suggestions_algo.js": {"path":"/home/ubuntu/Shopeer/backend/match/suggestions_algo.js","all":false,"statementMap":{"0":{"start":{"line":1,"column":0},"end":{"line":1,"column":34}},"1":{"start":{"line":2,"column":0},"end":{"line":2,"column":48}},"2":{"start":{"line":3,"column":0},"end":{"line":3,"column":38}},"3":{"start":{"line":4,"column":0},"end":{"line":4,"column":0}},"4":{"start":{"line":5,"column":0},"end":{"line":5,"column":36}},"5":{"start":{"line":6,"column":0},"end":{"line":6,"column":0}},"6":{"start":{"line":7,"column":0},"end":{"line":7,"column":82}},"7":{"start":{"line":8,"column":0},"end":{"line":8,"column":0}},"8":{"start":{"line":9,"column":0},"end":{"line":9,"column":107}},"9":{"start":{"line":10,"column":0},"end":{"line":10,"column":0}},"10":{"start":{"line":11,"column":0},"end":{"line":11,"column":0}},"11":{"start":{"line":12,"column":0},"end":{"line":12,"column":60}},"12":{"start":{"line":13,"column":0},"end":{"line":13,"column":46}},"13":{"start":{"line":14,"column":0},"end":{"line":14,"column":54}},"14":{"start":{"line":15,"column":0},"end":{"line":15,"column":36}},"15":{"start":{"line":16,"column":0},"end":{"line":16,"column":11}},"16":{"start":{"line":17,"column":0},"end":{"line":17,"column":49}},"17":{"start":{"line":18,"column":0},"end":{"line":18,"column":59}},"18":{"start":{"line":19,"column":0},"end":{"line":19,"column":47}},"19":{"start":{"line":20,"column":0},"end":{"line":20,"column":9}},"20":{"start":{"line":21,"column":0},"end":{"line":21,"column":59}},"21":{"start":{"line":22,"column":0},"end":{"line":22,"column":36}},"22":{"start":{"line":23,"column":0},"end":{"line":23,"column":13}},"23":{"start":{"line":24,"column":0},"end":{"line":24,"column":1}},"24":{"start":{"line":25,"column":0},"end":{"line":25,"column":0}},"25":{"start":{"line":26,"column":0},"end":{"line":26,"column":23}},"26":{"start":{"line":27,"column":0},"end":{"line":27,"column":32}},"27":{"start":{"line":28,"column":0},"end":{"line":28,"column":1}},"28":{"start":{"line":29,"column":0},"end":{"line":29,"column":0}},"29":{"start":{"line":30,"column":0},"end":{"line":30,"column":0}},"30":{"start":{"line":31,"column":0},"end":{"line":31,"column":79}},"31":{"start":{"line":32,"column":0},"end":{"line":32,"column":241}},"32":{"start":{"line":33,"column":0},"end":{"line":33,"column":17}},"33":{"start":{"line":34,"column":0},"end":{"line":34,"column":60}},"34":{"start":{"line":35,"column":0},"end":{"line":35,"column":92}},"35":{"start":{"line":36,"column":0},"end":{"line":36,"column":65}},"36":{"start":{"line":37,"column":0},"end":{"line":37,"column":39}},"37":{"start":{"line":38,"column":0},"end":{"line":38,"column":32}},"38":{"start":{"line":39,"column":0},"end":{"line":39,"column":9}},"39":{"start":{"line":40,"column":0},"end":{"line":40,"column":37}},"40":{"start":{"line":41,"column":0},"end":{"line":41,"column":86}},"41":{"start":{"line":42,"column":0},"end":{"line":42,"column":40}},"42":{"start":{"line":43,"column":0},"end":{"line":43,"column":53}},"43":{"start":{"line":44,"column":0},"end":{"line":44,"column":55}},"44":{"start":{"line":45,"column":0},"end":{"line":45,"column":37}},"45":{"start":{"line":46,"column":0},"end":{"line":46,"column":18}},"46":{"start":{"line":47,"column":0},"end":{"line":47,"column":9}},"47":{"start":{"line":48,"column":0},"end":{"line":48,"column":0}},"48":{"start":{"line":49,"column":0},"end":{"line":49,"column":71}},"49":{"start":{"line":50,"column":0},"end":{"line":50,"column":34}},"50":{"start":{"line":51,"column":0},"end":{"line":51,"column":52}},"51":{"start":{"line":52,"column":0},"end":{"line":52,"column":77}},"52":{"start":{"line":53,"column":0},"end":{"line":53,"column":39}},"53":{"start":{"line":54,"column":0},"end":{"line":54,"column":9}},"54":{"start":{"line":55,"column":0},"end":{"line":55,"column":0}},"55":{"start":{"line":56,"column":0},"end":{"line":56,"column":47}},"56":{"start":{"line":57,"column":0},"end":{"line":57,"column":14}},"57":{"start":{"line":58,"column":0},"end":{"line":58,"column":5}},"58":{"start":{"line":59,"column":0},"end":{"line":59,"column":17}},"59":{"start":{"line":60,"column":0},"end":{"line":60,"column":27}},"60":{"start":{"line":61,"column":0},"end":{"line":61,"column":33}},"61":{"start":{"line":62,"column":0},"end":{"line":62,"column":5}},"62":{"start":{"line":63,"column":0},"end":{"line":63,"column":0}},"63":{"start":{"line":64,"column":0},"end":{"line":64,"column":0}},"64":{"start":{"line":65,"column":0},"end":{"line":65,"column":2}},"65":{"start":{"line":66,"column":0},"end":{"line":66,"column":0}},"66":{"start":{"line":67,"column":0},"end":{"line":67,"column":0}},"67":{"start":{"line":68,"column":0},"end":{"line":68,"column":47}},"68":{"start":{"line":69,"column":0},"end":{"line":69,"column":56}},"69":{"start":{"line":70,"column":0},"end":{"line":70,"column":32}},"70":{"start":{"line":71,"column":0},"end":{"line":71,"column":0}},"71":{"start":{"line":72,"column":0},"end":{"line":72,"column":47}},"72":{"start":{"line":73,"column":0},"end":{"line":73,"column":30}},"73":{"start":{"line":74,"column":0},"end":{"line":74,"column":43}},"74":{"start":{"line":75,"column":0},"end":{"line":75,"column":17}},"75":{"start":{"line":76,"column":0},"end":{"line":76,"column":5}},"76":{"start":{"line":77,"column":0},"end":{"line":77,"column":17}},"77":{"start":{"line":78,"column":0},"end":{"line":78,"column":0}},"78":{"start":{"line":79,"column":0},"end":{"line":79,"column":0}},"79":{"start":{"line":80,"column":0},"end":{"line":80,"column":1}},"80":{"start":{"line":81,"column":0},"end":{"line":81,"column":0}},"81":{"start":{"line":82,"column":0},"end":{"line":82,"column":111}},"82":{"start":{"line":83,"column":0},"end":{"line":83,"column":41}},"83":{"start":{"line":84,"column":0},"end":{"line":84,"column":79}},"84":{"start":{"line":85,"column":0},"end":{"line":85,"column":0}},"85":{"start":{"line":86,"column":0},"end":{"line":86,"column":56}},"86":{"start":{"line":87,"column":0},"end":{"line":87,"column":12}},"87":{"start":{"line":88,"column":0},"end":{"line":88,"column":70}},"88":{"start":{"line":89,"column":0},"end":{"line":89,"column":46}},"89":{"start":{"line":90,"column":0},"end":{"line":90,"column":14}},"90":{"start":{"line":91,"column":0},"end":{"line":91,"column":21}},"91":{"start":{"line":92,"column":0},"end":{"line":92,"column":53}},"92":{"start":{"line":93,"column":0},"end":{"line":93,"column":9}},"93":{"start":{"line":94,"column":0},"end":{"line":94,"column":39}},"94":{"start":{"line":95,"column":0},"end":{"line":95,"column":43}},"95":{"start":{"line":96,"column":0},"end":{"line":96,"column":11}},"96":{"start":{"line":97,"column":0},"end":{"line":97,"column":18}},"97":{"start":{"line":98,"column":0},"end":{"line":98,"column":37}},"98":{"start":{"line":99,"column":0},"end":{"line":99,"column":30}},"99":{"start":{"line":100,"column":0},"end":{"line":100,"column":43}},"100":{"start":{"line":101,"column":0},"end":{"line":101,"column":25}},"101":{"start":{"line":102,"column":0},"end":{"line":102,"column":1}},"102":{"start":{"line":103,"column":0},"end":{"line":103,"column":0}},"103":{"start":{"line":104,"column":0},"end":{"line":104,"column":33}},"104":{"start":{"line":105,"column":0},"end":{"line":105,"column":104}},"105":{"start":{"line":106,"column":0},"end":{"line":106,"column":133}},"106":{"start":{"line":107,"column":0},"end":{"line":107,"column":0}},"107":{"start":{"line":108,"column":0},"end":{"line":108,"column":60}},"108":{"start":{"line":109,"column":0},"end":{"line":109,"column":55}},"109":{"start":{"line":110,"column":0},"end":{"line":110,"column":0}},"110":{"start":{"line":111,"column":0},"end":{"line":111,"column":0}},"111":{"start":{"line":112,"column":0},"end":{"line":112,"column":0}},"112":{"start":{"line":113,"column":0},"end":{"line":113,"column":53}},"113":{"start":{"line":114,"column":0},"end":{"line":114,"column":47}},"114":{"start":{"line":115,"column":0},"end":{"line":115,"column":26}},"115":{"start":{"line":116,"column":0},"end":{"line":116,"column":110}},"116":{"start":{"line":117,"column":0},"end":{"line":117,"column":0}},"117":{"start":{"line":118,"column":0},"end":{"line":118,"column":56}},"118":{"start":{"line":119,"column":0},"end":{"line":119,"column":0}},"119":{"start":{"line":120,"column":0},"end":{"line":120,"column":46}},"120":{"start":{"line":121,"column":0},"end":{"line":121,"column":93}},"121":{"start":{"line":122,"column":0},"end":{"line":122,"column":91}},"122":{"start":{"line":123,"column":0},"end":{"line":123,"column":57}},"123":{"start":{"line":124,"column":0},"end":{"line":124,"column":45}},"124":{"start":{"line":125,"column":0},"end":{"line":125,"column":77}},"125":{"start":{"line":126,"column":0},"end":{"line":126,"column":0}},"126":{"start":{"line":127,"column":0},"end":{"line":127,"column":67}},"127":{"start":{"line":128,"column":0},"end":{"line":128,"column":17}},"128":{"start":{"line":129,"column":0},"end":{"line":129,"column":42}},"129":{"start":{"line":130,"column":0},"end":{"line":130,"column":18}},"130":{"start":{"line":131,"column":0},"end":{"line":131,"column":17}},"131":{"start":{"line":132,"column":0},"end":{"line":132,"column":31}},"132":{"start":{"line":133,"column":0},"end":{"line":133,"column":75}},"133":{"start":{"line":134,"column":0},"end":{"line":134,"column":54}},"134":{"start":{"line":135,"column":0},"end":{"line":135,"column":21}},"135":{"start":{"line":136,"column":0},"end":{"line":136,"column":18}},"136":{"start":{"line":137,"column":0},"end":{"line":137,"column":17}},"137":{"start":{"line":138,"column":0},"end":{"line":138,"column":33}},"138":{"start":{"line":139,"column":0},"end":{"line":139,"column":38}},"139":{"start":{"line":140,"column":0},"end":{"line":140,"column":30}},"140":{"start":{"line":141,"column":0},"end":{"line":141,"column":21}},"141":{"start":{"line":142,"column":0},"end":{"line":142,"column":17}},"142":{"start":{"line":143,"column":0},"end":{"line":143,"column":25}},"143":{"start":{"line":144,"column":0},"end":{"line":144,"column":0}},"144":{"start":{"line":145,"column":0},"end":{"line":145,"column":44}},"145":{"start":{"line":146,"column":0},"end":{"line":146,"column":118}},"146":{"start":{"line":147,"column":0},"end":{"line":147,"column":92}},"147":{"start":{"line":148,"column":0},"end":{"line":148,"column":20}},"148":{"start":{"line":149,"column":0},"end":{"line":149,"column":62}},"149":{"start":{"line":150,"column":0},"end":{"line":150,"column":24}},"150":{"start":{"line":151,"column":0},"end":{"line":151,"column":13}},"151":{"start":{"line":152,"column":0},"end":{"line":152,"column":9}},"152":{"start":{"line":153,"column":0},"end":{"line":153,"column":66}},"153":{"start":{"line":154,"column":0},"end":{"line":154,"column":81}},"154":{"start":{"line":155,"column":0},"end":{"line":155,"column":82}},"155":{"start":{"line":156,"column":0},"end":{"line":156,"column":5}},"156":{"start":{"line":157,"column":0},"end":{"line":157,"column":0}},"157":{"start":{"line":158,"column":0},"end":{"line":158,"column":47}},"158":{"start":{"line":159,"column":0},"end":{"line":159,"column":32}},"159":{"start":{"line":160,"column":0},"end":{"line":160,"column":22}},"160":{"start":{"line":161,"column":0},"end":{"line":161,"column":9}},"161":{"start":{"line":162,"column":0},"end":{"line":162,"column":32}},"162":{"start":{"line":163,"column":0},"end":{"line":163,"column":21}},"163":{"start":{"line":164,"column":0},"end":{"line":164,"column":9}},"164":{"start":{"line":165,"column":0},"end":{"line":165,"column":31}},"165":{"start":{"line":166,"column":0},"end":{"line":166,"column":17}},"166":{"start":{"line":167,"column":0},"end":{"line":167,"column":6}},"167":{"start":{"line":168,"column":0},"end":{"line":168,"column":36}},"168":{"start":{"line":169,"column":0},"end":{"line":169,"column":31}},"169":{"start":{"line":170,"column":0},"end":{"line":170,"column":0}},"170":{"start":{"line":171,"column":0},"end":{"line":171,"column":22}},"171":{"start":{"line":172,"column":0},"end":{"line":172,"column":1}},"172":{"start":{"line":173,"column":0},"end":{"line":173,"column":0}},"173":{"start":{"line":174,"column":0},"end":{"line":174,"column":73}},"174":{"start":{"line":175,"column":0},"end":{"line":175,"column":0}},"175":{"start":{"line":176,"column":0},"end":{"line":176,"column":13}},"176":{"start":{"line":177,"column":0},"end":{"line":177,"column":53}},"177":{"start":{"line":178,"column":0},"end":{"line":178,"column":53}},"178":{"start":{"line":179,"column":0},"end":{"line":179,"column":121}},"179":{"start":{"line":180,"column":0},"end":{"line":180,"column":0}},"180":{"start":{"line":181,"column":0},"end":{"line":181,"column":67}},"181":{"start":{"line":182,"column":0},"end":{"line":182,"column":24}},"182":{"start":{"line":183,"column":0},"end":{"line":183,"column":62}},"183":{"start":{"line":184,"column":0},"end":{"line":184,"column":88}},"184":{"start":{"line":185,"column":0},"end":{"line":185,"column":0}},"185":{"start":{"line":186,"column":0},"end":{"line":186,"column":20}},"186":{"start":{"line":187,"column":0},"end":{"line":187,"column":9}},"187":{"start":{"line":188,"column":0},"end":{"line":188,"column":20}},"188":{"start":{"line":189,"column":0},"end":{"line":189,"column":68}},"189":{"start":{"line":190,"column":0},"end":{"line":190,"column":23}},"190":{"start":{"line":191,"column":0},"end":{"line":191,"column":0}},"191":{"start":{"line":192,"column":0},"end":{"line":192,"column":5}},"192":{"start":{"line":193,"column":0},"end":{"line":193,"column":16}},"193":{"start":{"line":194,"column":0},"end":{"line":194,"column":1}},"194":{"start":{"line":195,"column":0},"end":{"line":195,"column":0}},"195":{"start":{"line":196,"column":0},"end":{"line":196,"column":110}},"196":{"start":{"line":197,"column":0},"end":{"line":197,"column":113}},"197":{"start":{"line":198,"column":0},"end":{"line":198,"column":55}},"198":{"start":{"line":199,"column":0},"end":{"line":199,"column":58}},"199":{"start":{"line":200,"column":0},"end":{"line":200,"column":69}},"200":{"start":{"line":201,"column":0},"end":{"line":201,"column":79}},"201":{"start":{"line":202,"column":0},"end":{"line":202,"column":76}},"202":{"start":{"line":203,"column":0},"end":{"line":203,"column":89}},"203":{"start":{"line":204,"column":0},"end":{"line":204,"column":84}},"204":{"start":{"line":205,"column":0},"end":{"line":205,"column":44}},"205":{"start":{"line":206,"column":0},"end":{"line":206,"column":16}},"206":{"start":{"line":207,"column":0},"end":{"line":207,"column":0}},"207":{"start":{"line":208,"column":0},"end":{"line":208,"column":1}},"208":{"start":{"line":209,"column":0},"end":{"line":209,"column":0}},"209":{"start":{"line":210,"column":0},"end":{"line":210,"column":58}},"210":{"start":{"line":211,"column":0},"end":{"line":211,"column":93}},"211":{"start":{"line":212,"column":0},"end":{"line":212,"column":60}},"212":{"start":{"line":213,"column":0},"end":{"line":213,"column":154}},"213":{"start":{"line":214,"column":0},"end":{"line":214,"column":45}},"214":{"start":{"line":215,"column":0},"end":{"line":215,"column":80}},"215":{"start":{"line":216,"column":0},"end":{"line":216,"column":39}},"216":{"start":{"line":217,"column":0},"end":{"line":217,"column":17}},"217":{"start":{"line":218,"column":0},"end":{"line":218,"column":5}},"218":{"start":{"line":219,"column":0},"end":{"line":219,"column":74}},"219":{"start":{"line":220,"column":0},"end":{"line":220,"column":62}},"220":{"start":{"line":221,"column":0},"end":{"line":221,"column":0}},"221":{"start":{"line":222,"column":0},"end":{"line":222,"column":46}},"222":{"start":{"line":223,"column":0},"end":{"line":223,"column":16}},"223":{"start":{"line":224,"column":0},"end":{"line":224,"column":0}},"224":{"start":{"line":225,"column":0},"end":{"line":225,"column":0}},"225":{"start":{"line":226,"column":0},"end":{"line":226,"column":1}},"226":{"start":{"line":227,"column":0},"end":{"line":227,"column":0}},"227":{"start":{"line":228,"column":0},"end":{"line":228,"column":39}},"228":{"start":{"line":229,"column":0},"end":{"line":229,"column":66}},"229":{"start":{"line":230,"column":0},"end":{"line":230,"column":34}},"230":{"start":{"line":231,"column":0},"end":{"line":231,"column":24}},"231":{"start":{"line":232,"column":0},"end":{"line":232,"column":56}},"232":{"start":{"line":233,"column":0},"end":{"line":233,"column":90}},"233":{"start":{"line":234,"column":0},"end":{"line":234,"column":35}},"234":{"start":{"line":235,"column":0},"end":{"line":235,"column":46}},"235":{"start":{"line":236,"column":0},"end":{"line":236,"column":15}},"236":{"start":{"line":237,"column":0},"end":{"line":237,"column":43}},"237":{"start":{"line":238,"column":0},"end":{"line":238,"column":39}},"238":{"start":{"line":239,"column":0},"end":{"line":239,"column":11}},"239":{"start":{"line":240,"column":0},"end":{"line":240,"column":0}},"240":{"start":{"line":241,"column":0},"end":{"line":241,"column":93}},"241":{"start":{"line":242,"column":0},"end":{"line":242,"column":36}},"242":{"start":{"line":243,"column":0},"end":{"line":243,"column":30}},"243":{"start":{"line":244,"column":0},"end":{"line":244,"column":25}},"244":{"start":{"line":245,"column":0},"end":{"line":245,"column":39}},"245":{"start":{"line":246,"column":0},"end":{"line":246,"column":8}},"246":{"start":{"line":247,"column":0},"end":{"line":247,"column":24}},"247":{"start":{"line":248,"column":0},"end":{"line":248,"column":4}},"248":{"start":{"line":249,"column":0},"end":{"line":249,"column":0}},"249":{"start":{"line":250,"column":0},"end":{"line":250,"column":0}},"250":{"start":{"line":251,"column":0},"end":{"line":251,"column":41}}},"s":{"0":1,"1":1,"2":1,"3":1,"4":1,"5":1,"6":1,"7":1,"8":1,"9":1,"10":1,"11":9,"12":9,"13":9,"14":9,"15":9,"16":9,"17":9,"18":9,"19":9,"20":9,"21":9,"22":9,"23":9,"24":1,"25":36,"26":36,"27":36,"28":1,"29":1,"30":1,"31":1,"32":1,"33":1,"34":1,"35":1,"36":3,"37":3,"38":3,"39":3,"40":3,"41":3,"42":3,"43":0,"44":0,"45":0,"46":0,"47":3,"48":3,"49":3,"50":3,"51":9,"52":9,"53":9,"54":3,"55":3,"56":3,"57":3,"58":3,"59":0,"60":0,"61":0,"62":3,"63":3,"64":3,"65":1,"66":1,"67":1,"68":1,"69":0,"70":0,"71":0,"72":0,"73":0,"74":0,"75":0,"76":0,"77":0,"78":0,"79":0,"80":1,"81":1,"82":3,"83":3,"84":3,"85":3,"86":3,"87":3,"88":3,"89":3,"90":3,"91":3,"92":3,"93":3,"94":3,"95":3,"96":3,"97":3,"98":3,"99":3,"100":3,"101":3,"102":1,"103":3,"104":3,"105":3,"106":3,"107":3,"108":3,"109":3,"110":3,"111":3,"112":3,"113":9,"114":9,"115":9,"116":9,"117":9,"118":9,"119":9,"120":9,"121":9,"122":9,"123":9,"124":9,"125":9,"126":9,"127":9,"128":9,"129":9,"130":9,"131":9,"132":9,"133":9,"134":9,"135":9,"136":9,"137":9,"138":9,"139":9,"140":9,"141":9,"142":9,"143":9,"144":9,"145":0,"146":0,"147":0,"148":0,"149":0,"150":0,"151":9,"152":9,"153":9,"154":9,"155":9,"156":3,"157":3,"158":5,"159":5,"160":5,"161":5,"162":5,"163":5,"164":5,"165":5,"166":5,"167":3,"168":3,"169":3,"170":3,"171":3,"172":1,"173":9,"174":9,"175":9,"176":9,"177":9,"178":9,"179":9,"180":9,"181":9,"182":8,"183":8,"184":8,"185":8,"186":8,"187":1,"188":1,"189":1,"190":1,"191":1,"192":1,"193":1,"194":1,"195":1,"196":1,"197":1,"198":1,"199":1,"200":1,"201":1,"202":1,"203":1,"204":1,"205":1,"206":1,"207":1,"208":1,"209":1,"210":1,"211":9,"212":9,"213":9,"214":9,"215":8,"216":8,"217":8,"218":1,"219":1,"220":1,"221":1,"222":1,"223":1,"224":1,"225":1,"226":1,"227":1,"228":1,"229":1,"230":1,"231":1,"232":1,"233":1,"234":1,"235":1,"236":1,"237":1,"238":1,"239":1,"240":1,"241":1,"242":1,"243":1,"244":1,"245":1,"246":1,"247":1,"248":1,"249":1,"250":1},"branchMap":{"0":{"type":"branch","line":12,"loc":{"start":{"line":12,"column":0},"end":{"line":24,"column":1}},"locations":[{"start":{"line":12,"column":0},"end":{"line":24,"column":1}}]},"1":{"type":"branch","line":26,"loc":{"start":{"line":26,"column":0},"end":{"line":28,"column":1}},"locations":[{"start":{"line":26,"column":0},"end":{"line":28,"column":1}}]},"2":{"type":"branch","line":36,"loc":{"start":{"line":36,"column":44},"end":{"line":65,"column":2}},"locations":[{"start":{"line":36,"column":44},"end":{"line":65,"column":2}}]},"3":{"type":"branch","line":43,"loc":{"start":{"line":43,"column":52},"end":{"line":47,"column":9}},"locations":[{"start":{"line":43,"column":52},"end":{"line":47,"column":9}}]},"4":{"type":"branch","line":51,"loc":{"start":{"line":51,"column":51},"end":{"line":54,"column":9}},"locations":[{"start":{"line":51,"column":51},"end":{"line":54,"column":9}}]},"5":{"type":"branch","line":59,"loc":{"start":{"line":59,"column":4},"end":{"line":62,"column":5}},"locations":[{"start":{"line":59,"column":4},"end":{"line":62,"column":5}}]},"6":{"type":"branch","line":83,"loc":{"start":{"line":83,"column":0},"end":{"line":102,"column":1}},"locations":[{"start":{"line":83,"column":0},"end":{"line":102,"column":1}}]},"7":{"type":"branch","line":104,"loc":{"start":{"line":104,"column":0},"end":{"line":172,"column":1}},"locations":[{"start":{"line":104,"column":0},"end":{"line":172,"column":1}}]},"8":{"type":"branch","line":113,"loc":{"start":{"line":113,"column":52},"end":{"line":156,"column":5}},"locations":[{"start":{"line":113,"column":52},"end":{"line":156,"column":5}}]},"9":{"type":"branch","line":145,"loc":{"start":{"line":145,"column":12},"end":{"line":151,"column":13}},"locations":[{"start":{"line":145,"column":12},"end":{"line":151,"column":13}}]},"10":{"type":"branch","line":158,"loc":{"start":{"line":158,"column":21},"end":{"line":167,"column":6}},"locations":[{"start":{"line":158,"column":21},"end":{"line":167,"column":6}}]},"11":{"type":"branch","line":159,"loc":{"start":{"line":159,"column":31},"end":{"line":161,"column":9}},"locations":[{"start":{"line":159,"column":31},"end":{"line":161,"column":9}}]},"12":{"type":"branch","line":162,"loc":{"start":{"line":162,"column":-2},"end":{"line":162,"column":12}},"locations":[{"start":{"line":162,"column":-2},"end":{"line":162,"column":12}}]},"13":{"type":"branch","line":162,"loc":{"start":{"line":162,"column":31},"end":{"line":164,"column":9}},"locations":[{"start":{"line":162,"column":31},"end":{"line":164,"column":9}}]},"14":{"type":"branch","line":158,"loc":{"start":{"line":158,"column":46},"end":{"line":167,"column":6}},"locations":[{"start":{"line":158,"column":46},"end":{"line":167,"column":6}}]},"15":{"type":"branch","line":174,"loc":{"start":{"line":174,"column":0},"end":{"line":194,"column":1}},"locations":[{"start":{"line":174,"column":0},"end":{"line":194,"column":1}}]},"16":{"type":"branch","line":182,"loc":{"start":{"line":182,"column":23},"end":{"line":187,"column":9}},"locations":[{"start":{"line":182,"column":23},"end":{"line":187,"column":9}}]},"17":{"type":"branch","line":188,"loc":{"start":{"line":188,"column":-2},"end":{"line":194,"column":1}},"locations":[{"start":{"line":188,"column":-2},"end":{"line":194,"column":1}}]},"18":{"type":"branch","line":199,"loc":{"start":{"line":199,"column":0},"end":{"line":208,"column":1}},"locations":[{"start":{"line":199,"column":0},"end":{"line":208,"column":1}}]},"19":{"type":"branch","line":212,"loc":{"start":{"line":212,"column":0},"end":{"line":226,"column":1}},"locations":[{"start":{"line":212,"column":0},"end":{"line":226,"column":1}}]},"20":{"type":"branch","line":215,"loc":{"start":{"line":215,"column":8},"end":{"line":215,"column":79}},"locations":[{"start":{"line":215,"column":8},"end":{"line":215,"column":79}}]},"21":{"type":"branch","line":215,"loc":{"start":{"line":215,"column":79},"end":{"line":218,"column":5}},"locations":[{"start":{"line":215,"column":79},"end":{"line":218,"column":5}}]},"22":{"type":"branch","line":219,"loc":{"start":{"line":219,"column":-2},"end":{"line":226,"column":1}},"locations":[{"start":{"line":219,"column":-2},"end":{"line":226,"column":1}}]}},"b":{"0":[9],"1":[36],"2":[3],"3":[0],"4":[9],"5":[0],"6":[3],"7":[3],"8":[9],"9":[0],"10":[8],"11":[3],"12":[5],"13":[0],"14":[5],"15":[9],"16":[8],"17":[1],"18":[1],"19":[9],"20":[1],"21":[8],"22":[1]},"fnMap":{"0":{"name":"getDistanceFromLatLonInKm","decl":{"start":{"line":12,"column":0},"end":{"line":24,"column":1}},"loc":{"start":{"line":12,"column":0},"end":{"line":24,"column":1}},"line":12},"1":{"name":"deg2rad","decl":{"start":{"line":26,"column":0},"end":{"line":28,"column":1}},"loc":{"start":{"line":26,"column":0},"end":{"line":28,"column":1}},"line":26},"2":{"name":"recommend","decl":{"start":{"line":70,"column":0},"end":{"line":80,"column":1}},"loc":{"start":{"line":70,"column":0},"end":{"line":80,"column":1}},"line":70},"3":{"name":"get_viable_matches","decl":{"start":{"line":83,"column":0},"end":{"line":102,"column":1}},"loc":{"start":{"line":83,"column":0},"end":{"line":102,"column":1}},"line":83},"4":{"name":"get_scores","decl":{"start":{"line":104,"column":0},"end":{"line":172,"column":1}},"loc":{"start":{"line":104,"column":0},"end":{"line":172,"column":1}},"line":104},"5":{"name":"compareFn","decl":{"start":{"line":158,"column":21},"end":{"line":167,"column":6}},"loc":{"start":{"line":158,"column":21},"end":{"line":167,"column":6}},"line":158},"6":{"name":"get_search_similarity_score","decl":{"start":{"line":174,"column":0},"end":{"line":194,"column":1}},"loc":{"start":{"line":174,"column":0},"end":{"line":194,"column":1}},"line":174},"7":{"name":"getBudgetScore","decl":{"start":{"line":199,"column":0},"end":{"line":208,"column":1}},"loc":{"start":{"line":199,"column":0},"end":{"line":208,"column":1}},"line":199},"8":{"name":"getLocationScore","decl":{"start":{"line":212,"column":0},"end":{"line":226,"column":1}},"loc":{"start":{"line":212,"column":0},"end":{"line":226,"column":1}},"line":212}},"f":{"0":9,"1":36,"2":0,"3":3,"4":3,"5":8,"6":9,"7":1,"8":9}}
,"/home/ubuntu/Shopeer/backend/user/peers.js": {"path":"/home/ubuntu/Shopeer/backend/user/peers.js","all":false,"statementMap":{"0":{"start":{"line":1,"column":0},"end":{"line":1,"column":34}},"1":{"start":{"line":2,"column":0},"end":{"line":2,"column":42}},"2":{"start":{"line":3,"column":0},"end":{"line":3,"column":50}},"3":{"start":{"line":4,"column":0},"end":{"line":4,"column":82}},"4":{"start":{"line":5,"column":0},"end":{"line":5,"column":0}},"5":{"start":{"line":6,"column":0},"end":{"line":6,"column":0}},"6":{"start":{"line":7,"column":0},"end":{"line":7,"column":0}},"7":{"start":{"line":8,"column":0},"end":{"line":8,"column":27}},"8":{"start":{"line":9,"column":0},"end":{"line":9,"column":30}},"9":{"start":{"line":10,"column":0},"end":{"line":10,"column":60}},"10":{"start":{"line":11,"column":0},"end":{"line":11,"column":6}},"11":{"start":{"line":12,"column":0},"end":{"line":12,"column":8}},"12":{"start":{"line":13,"column":0},"end":{"line":13,"column":31}},"13":{"start":{"line":14,"column":0},"end":{"line":14,"column":1}},"14":{"start":{"line":15,"column":0},"end":{"line":15,"column":12}},"15":{"start":{"line":16,"column":0},"end":{"line":16,"column":51}},"16":{"start":{"line":17,"column":0},"end":{"line":17,"column":0}},"17":{"start":{"line":18,"column":0},"end":{"line":18,"column":37}},"18":{"start":{"line":19,"column":0},"end":{"line":19,"column":60}},"19":{"start":{"line":20,"column":0},"end":{"line":20,"column":1}},"20":{"start":{"line":21,"column":0},"end":{"line":21,"column":0}},"21":{"start":{"line":22,"column":0},"end":{"line":22,"column":18}},"22":{"start":{"line":23,"column":0},"end":{"line":23,"column":65}},"23":{"start":{"line":24,"column":0},"end":{"line":24,"column":30}},"24":{"start":{"line":25,"column":0},"end":{"line":25,"column":17}},"25":{"start":{"line":26,"column":0},"end":{"line":26,"column":71}},"26":{"start":{"line":27,"column":0},"end":{"line":27,"column":53}},"27":{"start":{"line":28,"column":0},"end":{"line":28,"column":39}},"28":{"start":{"line":29,"column":0},"end":{"line":29,"column":12}},"29":{"start":{"line":30,"column":0},"end":{"line":30,"column":22}},"30":{"start":{"line":31,"column":0},"end":{"line":31,"column":81}},"31":{"start":{"line":32,"column":0},"end":{"line":32,"column":27}},"32":{"start":{"line":33,"column":0},"end":{"line":33,"column":63}},"33":{"start":{"line":34,"column":0},"end":{"line":34,"column":12}},"34":{"start":{"line":35,"column":0},"end":{"line":35,"column":18}},"35":{"start":{"line":36,"column":0},"end":{"line":36,"column":9}},"36":{"start":{"line":37,"column":0},"end":{"line":37,"column":60}},"37":{"start":{"line":38,"column":0},"end":{"line":38,"column":94}},"38":{"start":{"line":39,"column":0},"end":{"line":39,"column":37}},"39
[...]
ne":304,"column":12}},"locations":[{"start":{"line":304,"column":-1},"end":{"line":304,"column":12}}]},"41":{"type":"branch","line":304,"loc":{"start":{"line":304,"column":28},"end":{"line":307,"column":9}},"locations":[{"start":{"line":304,"column":28},"end":{"line":307,"column":9}}]},"42":{"type":"branch","line":308,"loc":{"start":{"line":308,"column":-1},"end":{"line":308,"column":12}},"locations":[{"start":{"line":308,"column":-1},"end":{"line":308,"column":12}}]},"43":{"type":"branch","line":308,"loc":{"start":{"line":308,"column":59},"end":{"line":312,"column":9}},"locations":[{"start":{"line":308,"column":59},"end":{"line":312,"column":9}}]},"44":{"type":"branch","line":313,"loc":{"start":{"line":313,"column":-1},"end":{"line":313,"column":12}},"locations":[{"start":{"line":313,"column":-1},"end":{"line":313,"column":12}}]},"45":{"type":"branch","line":313,"loc":{"start":{"line":313,"column":59},"end":{"line":317,"column":9}},"locations":[{"start":{"line":313,"column":59},"end":{"line":317,"column":9}}]},"46":{"type":"branch","line":318,"loc":{"start":{"line":318,"column":-1},"end":{"line":318,"column":12}},"locations":[{"start":{"line":318,"column":-1},"end":{"line":318,"column":12}}]},"47":{"type":"branch","line":318,"loc":{"start":{"line":318,"column":61},"end":{"line":322,"column":15}},"locations":[{"start":{"line":318,"column":61},"end":{"line":322,"column":15}}]},"48":{"type":"branch","line":318,"loc":{"start":{"line":318,"column":8},"end":{"line":332,"column":9}},"locations":[{"start":{"line":318,"column":8},"end":{"line":332,"column":9}}]},"49":{"type":"branch","line":323,"loc":{"start":{"line":323,"column":63},"end":{"line":331,"column":13}},"locations":[{"start":{"line":323,"column":63},"end":{"line":331,"column":13}}]},"50":{"type":"branch","line":323,"loc":{"start":{"line":323,"column":63},"end":{"line":327,"column":19}},"locations":[{"start":{"line":323,"column":63},"end":{"line":327,"column":19}}]},"51":{"type":"branch","line":323,"loc":{"start":{"line":323,"column":12},"end":{"line":331,"column":13}},"locations":[{"start":{"line":323,"column":12},"end":{"line":331,"column":13}}]},"52":{"type":"branch","line":340,"loc":{"start":{"line":340,"column":41},"end":{"line":362,"column":2}},"locations":[{"start":{"line":340,"column":41},"end":{"line":362,"column":2}}]},"53":{"type":"branch","line":345,"loc":{"start":{"line":345,"column":26},"end":{"line":348,"column":9}},"locations":[{"start":{"line":345,"column":26},"end":{"line":348,"column":9}}]},"54":{"type":"branch","line":349,"loc":{"start":{"line":349,"column":-1},"end":{"line":350,"column":12}},"locations":[{"start":{"line":349,"column":-1},"end":{"line":350,"column":12}}]},"55":{"type":"branch","line":350,"loc":{"start":{"line":350,"column":61},"end":{"line":356,"column":9}},"locations":[{"start":{"line":350,"column":61},"end":{"line":356,"column":9}}]}},"b":{"0":[0],"1":[3],"2":[1],"3":[2],"4":[4],"5":[1],"6":[3],"7":[1],"8":[2],"9":[3],"10":[1],"11":[2],"12":[0],"13":[2],"14":[9],"15":[1],"16":[8],"17":[1],"18":[7],"19":[1],"20":[6],"21":[1],"22":[5],"23":[4],"24":[1],"25":[3],"26":[1],"27":[2],"28":[1],"29":[3],"30":[1],"31":[2],"32":[3],"33":[1],"34":[2],"35":[4],"36":[22],"37":[1],"38":[21],"39":[1],"40":[20],"41":[1],"42":[19],"43":[1],"44":[18],"45":[1],"46":[17],"47":[2],"48":[15],"49":[12],"50":[6],"51":[9],"52":[3],"53":[1],"54":[2],"55":[1]},"fnMap":{"0":{"name":"get_object_array_from_email_array","decl":{"start":{"line":277,"column":0},"end":{"line":283,"column":1}},"loc":{"start":{"line":277,"column":0},"end":{"line":283,"column":1}},"line":277}},"f":{"0":4}}
,"/home/ubuntu/Shopeer/backend/user/profile.js": {"path":"/home/ubuntu/Shopeer/backend/user/profile.js","all":false,"statementMap":{"0":{"start":{"line":1,"column":0},"end":{"line":1,"column":34}},"1":{"start":{"line":2,"column":0},"end":{"line":2,"column":44}},"2":{"start":{"line":3,"column":0},"end":{"line":3,"column":38}},"3":{"start":{"line":4,"column":0},"end":{"line":4,"column":82}},"4":{"start":{"line":5,"column":0},"end":{"line":5,"column":0}},"5":{"start":{"line":6,"column":0},"end":{"line":6,"column":0}},"6":{"start":{"line":7,"column":0},"end":{"line":7,"column":20}},"7":{"start":{"line":8,"column":0},"end":{"line":8,"column":0}},"8":{"start":{"line":9,"column":0},"end":{"line":9,"column":69}},"9":{"start":{"line":10,"column":0},"end":{"line":10,"column":67}},"10":{"start":{"line":11,"column":0},"end":{"line":11,"column":17}},"11":{"start":{"line":12,"column":0},"end":{"line":12,"column":22}},"12":{"start":{"line":13,"column":0},"end":{"line":13,"column":46}},"13":{"start":{"line":14,"column":0},"end":{"line":14,"column":57}},"14":{"start":{"line":15,"column":0},"end":{"line":15,"column":27}},"15":{"start":{"line":16,"column":0},"end":{"line":16,"column":44}},"16":{"start":{"line":17,"column":0},"end":{"line":17,"column":52}},"17":{"start":{"line":18,"column":0},"end":{"line":18,"column":12}},"18":{"start":{"line":19,"column":0},"end":{"line":19,"column":81}},"19":{"start":{"line":20,"column":0},"end":{"line":20,"column":27}},"20":{"start":{"line":21,"column":0},"end":{"line":21,"column":69}},"21":{"start":{"line":22,"column":0},"end":{"line":22,"column":16}},"22":{"start":{"line":23,"column":0},"end":{"line":23,"column":45}},"23":{"start":{"line":24,"column":0},"end":{"line":24,"column":9}},"24":{"start":{"line":25,"column":0},"end":{"line":25,"column":5}},"25":{"start":{"line":26,"column":0},"end":{"line":26,"column":2}},"26":{"start":{"line":27,"column":0},"end":{"line":27,"column":0}},"27":{"start":{"line":28,"column":0},"end":{"line":28,"column":0}},"28":{"start":{"line":29,"column":0},"end":{"line":29,"column":70}},"29":{"start":{"line":30,"column":0},"end":{"line":30,"column":30}},"30":{"start":{"line":31,"column":0},"end":{"line":31,"column":68}},"31":{"start":{"line":32,"column":0},"end":{"line":32,"column":25}},"32":{"start":{"line":33,"column":0},"end":{"line":33,"column":57}},"33":{"start":{"line":34,"column":0},"end":{"line":34,"column":39}},"34":{"start":{"line":35,"column":0},"end":{"line":35,"column":36}},"35":{"start":{"line":36,"column":0},"end":{"line":36,"column":50}},"36":{"start":{"line":37,"column":0},"end":{"line":37,"column":38}},"37":{"start":{"line":38,"column":0},"end":{"line":38,"column":0}},"38":{"start":{"line":39,"column":0},"end":{"line":39,"column":31}},"39":{"start":{"line":40,"column":0},"end":{"line":40,"column":51}},"40":{"start":{"line":41,"column":0},"end":{"line":41,"column":51}},"41":{"start":{"line":42,"column":0},"end":{"line":42,"column":52}},"42":{"start":{"line":43,"column":0},"end":{"line":43,"column":50}},"43":{"start":{"line":44,"column":0},"end":{"line":44,"column":51}},"44":{"start":{"line":45,"column":0},"end":{"line":45,"column":12}},"45":{"start":{"line":46,"column":0},"end":{"line":46,"column":81}},"46":{"start":{"line":47,"column":0},"end":{"line":47,"column":27}},"47":{"start":{"line":48,"column":0},"end":{"line":48,"column":65}},"48":{"start":{"line":49,"column":0},"end":{"line":49,"column":18}},"49":{"start":{"line":50,"column":0},"end":{"line":50,"column":9}},"50":{"start":{"line":51,"column":0},"end":{"line":51,"column":27}},"51":{"start":{"line":52,"column":0},"end":{"line":52,"column":103}},"52":{"start":{"line":53,"column":0},"end":{"line":53,"column":9}},"53":{"start":{"line":54,"column":0},"end":{"line":54,"column":28}},"54":{"start":{"line":55,"column":0},"end":{"line":55,"column":105}},"55":{"start":{"line":56,"column":0},"end":{"line":56,"column":9}},"56":{"start":{"line":57,"column":0},"end":{"line":57,"column":34}},"57":{"start":{"line":58,"column":0},"end":{"line":58,"column":117}},"58":{"start":{"line":59,"column":0},"end":{"line":59,"column":9}},"59":{"start":{"line":60,"column":0},"end":{"line":60,"column":28}},"60":{"start":{"line":61,"column":0},"end":{"line":61,"column":105}},"61":{"start":{"line":62,"column":0},"end":{"line":62,"column":9}},"62":{"start":{"line":63,"column":0},"end":{"line":63,"column":39}},"63":{"start":{"line":64,"column":0},"end":{"line":64,"column":5}},"64":{"start":{"line":65,"column":0},"end":{"line":65,"column":2}},"65":{"start":{"line":66,"column":0},"end":{"line":66,"column":0}},"66":{"start":{"line":67,"column":0},"end":{"line":67,"column":0}},"67":{"start":{"line":68,"column":0},"end":{"line":68,"column":55}},"68":{"start":{"line":69,"column":0},"end":{"line":69,"column":63}},"69":{"start":{"line":70,"column":0},"end":{"line":70,"column":20}},"70":{"start":{"line":71,"column":0},"end":{"line":71,"column":63}},"71":{"start":{"line":72,"column":0},"end":{"line":72,"column":27}},"72":{"start":{"line":73,"column":0},"end":{"line":73,"column":44}},"73":{"start":{"line":74,"column":0},"end":{"line":74,"column":52}},"74":{"start":{"line":75,"column":0},"end":{"line":75,"column":50}},"75":{"start":{"line":76,"column":0},"end":{"line":76,"column":51}},"76":{"start":{"line":77,"column":0},"end":{"line":77,"column":12}},"77":{"start":{"line":78,"column":0},"end":{"line":78,"column":37}},"78":{"start":{"line":79,"column":0},"end":{"line":79,"column":0}},"79":{"start":{"line":80,"column":0},"end":{"line":80,"column":81}},"80":{"start":{"line":81,"column":0},"end":{"line":81,"column":26}},"81":{"start":{"line":82,"column":0},"end":{"line":82,"column":55}},"82":{"start":{"line":83,"column":0},"end":{"line":83,"column":16}},"83":{"start":{"line":84,"column":0},"end":{"line":84,"column":57}},"84":{"start":{"line":85,"column":0},"end":{"line":85,"column":75}},"85":{"start":{"line":86,"column":0},"end":{"line":86,"column":43}},"86":{"start":{"line":87,"column":0},"end":{"line":87,"column":9}},"87":{"start":{"line":88,"column":0},"end":{"line":88,"column":5}},"88":{"start":{"line":89,"column":0},"end":{"line":89,"column":2}},"89":{"start":{"line":90,"column":0},"end":{"line":90,"column":0}},"90":{"start":{"line":91,"column":0},"end":{"line":91,"column":77}},"91":{"start":{"line":92,"column":0},"end":{"line":92,"column":77}},"92":{"start":{"line":93,"column":0},"end":{"line":93,"column":33}},"93":{"start":{"line":94,"column":0},"end":{"line":94,"column":25}},"94":{"start":{"line":95,"column":0},"end":{"line":95,"column":65}},"95":{"start":{"line":96,"column":0},"end":{"line":96,"column":39}},"96":{"start":{"line":97,"column":0},"end":{"line":97,"column":27}},"97":{"start":{"line":98,"column":0},"end":{"line":98,"column":4}},"98":{"start":{"line":99,"column":0},"end":{"line":99,"column":44}},"99":{"start":{"line":100,"column":0},"end":{"line":100,"column":52}},"100":{"start":{"line":101,"column":0},"end":{"line":101,"column":12}},"101":{"start":{"line":102,"column":0},"end":{"line":102,"column":27}},"102":{"start":{"line":103,"column":0},"end":{"line":103,"column":24}},"103":{"start":{"line":104,"column":0},"end":{"line":104,"column":90}},"104":{"start":{"line":105,"column":0},"end":{"line":105,"column":53}},"105":{"start":{"line":106,"column":0},"end":{"line":106,"column":37}},"106":{"start":{"line":107,"column":0},"end":{"line":107,"column":45}},"107":{"start":{"line":108,"column":0},"end":{"line":108,"column":24}},"108":{"start":{"line":109,"column":0},"end":{"line":109,"column":37}},"109":{"start":{"line":110,"column":0},"end":{"line":110,"column":52}},"110":{"start":{"line":111,"column":0},"end":{"line":111,"column":17}},"111":{"start":{"line":112,"column":0},"end":{"line":112,"column":50}},"112":{"start":{"line":113,"column":0},"end":{"line":113,"column":5}},"113":{"start":{"line":114,"column":0},"end":{"line":114,"column":2}},"114":{"start":{"line":115,"column":0},"end":{"line":115,"column":0}},"115":{"start":{"line":116,"column":0},"end":{"line":116,"column":30}},"116":{"start":{"line":117,"column":0},"end":{"line":117,"column":0}},"117":{"start":{"line":118,"column":0},"end":{"line":118,"column":4}},"118":{"start":{"line":119,"column":0},"end":{"line":119,"column":0}},"119":{"start":{"line":120,"column":0},"end":{"line":120,"column":35}},"120":{"start":{"line":121,"column":0},"end":{"line":121,"column":23}},"121":{"start":{"line":122,"column":0},"end":{"line":122,"column":24}},"122":{"start":{"line":123,"column":0},"end":{"line":123,"column":26}},"123":{"start":{"line":124,"column":0},"end":{"line":124,"column":38}},"124":{"start":{"line":125,"column":0},"end":{"line":125,"column":26}},"125":{"start":{"line":126,"column":0},"end":{"line":126,"column":21}},"126":{"start":{"line":127,"column":0},"end":{"line":127,"column":18}},"127":{"start":{"line":128,"column":0},"end":{"line":128,"column":20}},"128":{"start":{"line":129,"column":0},"end":{"line":129,"column":29}},"129":{"start":{"line":130,"column":0},"end":{"line":130,"column":19}},"130":{"start":{"line":131,"column":0},"end":{"line":131,"column":5}},"131":{"start":{"line":132,"column":0},"end":{"line":132,"column":22}},"132":{"start":{"line":133,"column":0},"end":{"line":133,"column":1}},"133":{"start":{"line":134,"column":0},"end":{"line":134,"column":0}},"134":{"start":{"line":135,"column":0},"end":{"line":135,"column":0}},"135":{"start":{"line":136,"column":0},"end":{"line":136,"column":39}},"136":{"start":{"line":137,"column":0},"end":{"line":137,"column":66}},"137":{"start":{"line":138,"column":0},"end":{"line":138,"column":1}},"138":{"start":{"line":139,"column":0},"end":{"line":139,"column":0}},"139":{"start":{"line":140,"column":0},"end":{"line":140,"column":0}},"140":{"start":{"line":141,"column":0},"end":{"line":141,"column":48}}},"s":{"0":1,"1":1,"2":1,"3":1,"4":1,"5":1,"6":1,"7":1,"8":1,"9":1,"10":1,"11":1,"12":1,"13":1,"14":23,"15":23,"16":20,"17":20,"18":20,"19":20,"20":1,"21":19,"22":19,"23":19,"24":20,"25":23,"26":1,"27":1,"28":1,"29":1,"30":1,"31":1,"32":1,"33":8,"34":8,"35":8,"36":8,"37":8,"38":8,"39":7,"40":7,"41":4,"42":4,"43":2,"44":2,"45":2,"46":2,"47":1,"48":1,"49":1,"50":1,"51":1,"52":1,"53":1,"54":1,"55":1,"56":1,"57":1,"58":1,"59":1,"60":1,"61":1,"62":1,"63":1,"64":8,"65":1,"66":1,"67":1,"68":1,"69":1,"70":1,"71":28,"72":28,"73":25,"74":25,"75":22,"76":22,"77":22,"78":22,"79":22,"80":22,"81":15,"82":15,"83":15,"84":15,"85":15,"86":15,"87":22,"88":28,"89":1,"90":1,"91":1,"92":1,"93":1,"94":1,"95":38,"96":38,"97":38,"98":38,"99":35,"100":35,"101":35,"102":35,"103":35,"104":35,"105":24,"106":24,"107":24,"108":24,"109":24,"110":24,"111":35,"112":35,"113":38,"114":1,"115":1,"116":1,"117":1,"118":1,"119":15,"120":15,"121":15,"122":15,"123":15,"124":15,"125":15,"126":15,"127":15,"128":15,"129":15,"130":15,"131":15,"132":15,"133":1,"134":1,"135":0,"136":0,"137":0,"138":1,"139":1,"140":1},"branchMap":{"0":{"type":"branch","line":14,"loc":{"start":{"line":14,"column":36},"end":{"line":26,"column":2}},"locations":[{"start":{"line":14,"column":36},"end":{"line":26,"column":2}}]},"1":{"type":"branch","line":16,"loc":{"start":{"line":16,"column":43},"end":{"line":18,"column":11}},"locations":[{"start":{"line":16,"column":43},"end":{"line":18,"column":11}}]},"2":{"type":"branch","line":16,"loc":{"start":{"line":16,"column":4},"end":{"line":25,"column":5}},"locations":[{"start":{"line":16,"column":4},"end":{"line":25,"column":5}}]},"3":{"type":"branch","line":20,"loc":{"start":{"line":20,"column":26},"end":{"line":24,"column":9}},"locations":[{"start":{"line":20,"column":26},"end":{"line":24,"column":9}}]},"4":{"type":"branch","line":20,"loc":{"start":{"line":20,"column":26},"end":{"line":22,"column":15}},"locations":[{"start":{"line":20,"column":26},"end":{"line":22,"column":15}}]},"5":{"type":"branch","line":33,"loc":{"start":{"line":33,"column":36},"end":{"line":65,"column":2}},"locations":[{"start":{"line":33,"column":36},"end":{"line":65,"column":2}}]},"6":{"type":"branch","line":39,"loc":{"start":{"line":39,"column":30},"end":{"line":41,"column":11}},"locations":[{"start":{"line":39,"column":30},"end":{"line":41,"column":11}}]},"7":{"type":"branch","line":39,"loc":{"start":{"line":39,"column":4},"end":{"line":64,"column":5}},"locations":[{"start":{"line":39,"column":4},"end":{"line":64,"column":5}}]},"8":{"type":"branch","line":41,"loc":{"start":{"line":41,"column":50},"end":{"line":43,"column":11}},"locations":[{"start":{"line":41,"column":50},"end":{"line":43,"column":11}}]},"9":{"type":"branch","line":41,"loc":{"start":{"line":41,"column":11},"end":{"line":64,"column":5}},"locations":[{"start":{"line":41,"column":11},"end":{"line":64,"column":5}}]},"10":{"type":"branch","line":43,"loc":{"start":{"line":43,"column":49},"end":{"line":64,"column":5}},"locations":[{"start":{"line":43,"column":49},"end":{"line":64,"column":5}}]},"11":{"type":"branch","line":47,"loc":{"start":{"line":47,"column":26},"end":{"line":64,"column":5}},"locations":[{"start":{"line":47,"column":26},"end":{"line":64,"column":5}}]},"12":{"type":"branch","line":71,"loc":{"start":{"line":71,"column":42},"end":{"line":89,"column":2}},"locations":[{"start":{"line":71,"column":42},"end":{"line":89,"column":2}}]},"13":{"type":"branch","line":73,"loc":{"start":{"line":73,"column":43},"end":{"line":75,"column":11}},"locations":[{"start":{"line":73,"column":43},"end":{"line":75,"column":11}}]},"14":{"type":"branch","line":73,"loc":{"start":{"line":73,"column":4},"end":{"line":88,"column":5}},"locations":[{"start":{"line":73,"column":4},"end":{"line":88,"column":5}}]},"15":{"type":"branch","line":75,"loc":{"start":{"line":75,"column":49},"end":{"line":77,"column":11}},"locations":[{"start":{"line":75,"column":49},"end":{"line":77,"column":11}}]},"16":{"type":"branch","line":75,"loc":{"start":{"line":75,"column":11},"end":{"line":88,"column":5}},"locations":[{"start":{"line":75,"column":11},"end":{"line":88,"column":5}}]},"17":{"type":"branch","line":81,"loc":{"start":{"line":81,"column":25},"end":{"line":87,"column":9}},"locations":[{"start":{"line":81,"column":25},"end":{"line":87,"column":9}}]},"18":{"type":"branch","line":81,"loc":{"start":{"line":81,"column":25},"end":{"line":83,"column":15}},"locations":[{"start":{"line":81,"column":25},"end":{"line":83,"column":15}}]},"19":{"type":"branch","line":81,"loc":{"start":{"line":81,"column":8},"end":{"line":87,"column":9}},"locations":[{"start":{"line":81,"column":8},"end":{"line":87,"column":9}}]},"20":{"type":"branch","line":95,"loc":{"start":{"line":95,"column":44},"end":{"line":114,"column":2}},"locations":[{"start":{"line":95,"column":44},"end":{"line":114,"column":2}}]},"21":{"type":"branch","line":99,"loc":{"start":{"line":99,"column":43},"end":{"line":101,"column":11}},"locations":[{"start":{"line":99,"column":43},"end":{"line":101,"column":11}}]},"22":{"type":"branch","line":99,"loc":{"start":{"line":99,"column":4},"end":{"line":113,"column":5}},"locations":[{"start":{"line":99,"column":4},"end":{"line":113,"column":5}}]},"23":{"type":"branch","line":105,"loc":{"start":{"line":105,"column":52},"end":{"line":111,"column":17}},"locations":[{"start":{"line":105,"column":52},"end":{"line":111,"column":17}}]},"24":{"type":"branch","line":105,"loc":{"start":{"line":105,"column":52},"end":{"line":108,"column":23}},"locations":[{"start":{"line":105,"column":52},"end":{"line":108,"column":23}}]},"25":{"type":"branch","line":105,"loc":{"start":{"line":105,"column":16},"end":{"line":111,"column":17}},"locations":[{"start":{"line":105,"column":16},"end":{"line":111,"column":17}}]},"26":{"type":"branch","line":120,"loc":{"start":{"line":120,"column":0},"end":{"line":133,"column":1}},"locations":[{"start":{"line":120,"column":0},"end":{"line":133,"column":1}}]}},"b":{"0":[23],"1":[3],"2":[20],"3":[19],"4":[1],"5":[8],"6":[1],"7":[7],"8":[3],"9":[4],"10":[2],"11":[1],"12":[28],"13":[3],"14":[25],"15":[3],"16":[22],"17":[21],"18":[7],"19":[15],"20":[38],"21":[3],"22":[35],"23":[34],"24":[11],"25":[24],"26":[15]},"fnMap":{"0":{"name":"create_user_object","decl":{"start":{"line":120,"column":0},"end":{"line":133,"column":1}},"loc":{"start":{"line":120,"column":0},"end":{"line":133,"column":1}},"line":120},"1":{"name":"getUser","decl":{"start":{"line":136,"column":0},"end":{"line":138,"column":1}},"loc":{"start":{"line":136,"column":0},"end":{"line":138,"column":1}},"line":136}},"f":{"0":15,"1":0}}
}
